11:43:15.910 [main] INFO  o.s.c.s.PostProcessorRegistrationDelegate$BeanPostProcessorChecker - [postProcessAfterInitialization,330] - Bean 'org.springframework.cloud.autoconfigure.ConfigurationPropertiesRebinderAutoConfiguration' of type [org.springframework.cloud.autoconfigure.ConfigurationPropertiesRebinderAutoConfiguration$$EnhancerBySpringCGLIB$$8865691f] is not eligible for getting processed by all BeanPostProcessors (for example: not eligible for auto-proxying)
11:43:16.841 [main] INFO  c.a.o.u.a.UaaAdminApplication - [logStartupProfileInfo,646] - No active profile set, falling back to default profiles: default
11:43:28.005 [main] INFO  o.s.d.r.c.RepositoryConfigurationDelegate - [multipleStoresDetected,244] - Multiple Spring Data modules found, entering strict repository configuration mode!
11:43:28.068 [main] INFO  o.s.d.r.c.RepositoryConfigurationDelegate - [registerRepositoriesIn,126] - Bootstrapping Spring Data repositories in DEFAULT mode.
11:43:28.470 [main] INFO  o.s.d.r.c.RepositoryConfigurationDelegate - [registerRepositoriesIn,182] - Finished Spring Data repository scanning in 150ms. Found 0 repository interfaces.
11:43:32.494 [main] INFO  o.s.c.c.s.GenericScope - [setSerializationId,295] - BeanFactory id=5e9ebb9d-818b-3b2b-9814-557e407cdd72
11:43:32.839 [main] INFO  o.s.i.c.DefaultConfiguringBeanFactoryPostProcessor - [registerErrorChannel,193] - No bean named 'errorChannel' has been explicitly defined. Therefore, a default PublishSubscribeChannel will be created.
11:43:32.959 [main] INFO  o.s.i.c.DefaultConfiguringBeanFactoryPostProcessor - [registerTaskScheduler,280] - No bean named 'taskScheduler' has been explicitly defined. Therefore, a default ThreadPoolTaskScheduler will be created.
11:43:33.125 [main] INFO  o.s.i.c.DefaultConfiguringBeanFactoryPostProcessor - [registerHeaderChannelRegistry,431] - No bean named 'integrationHeaderChannelRegistry' has been explicitly defined. Therefore, a default DefaultHeaderChannelRegistry will be created.
11:43:36.850 [main] INFO  o.s.c.s.PostProcessorRegistrationDelegate$BeanPostProcessorChecker - [postProcessAfterInitialization,330] - Bean 'org.springframework.transaction.annotation.ProxyTransactionManagementConfiguration' of type [org.springframework.transaction.annotation.ProxyTransactionManagementConfiguration$$EnhancerBySpringCGLIB$$6c4b6622] is not eligible for getting processed by all BeanPostProcessors (for example: not eligible for auto-proxying)
11:43:37.550 [main] INFO  o.s.c.s.PostProcessorRegistrationDelegate$BeanPostProcessorChecker - [postProcessAfterInitialization,330] - Bean 'integrationDisposableAutoCreatedBeans' of type [org.springframework.integration.config.annotation.Disposables] is not eligible for getting processed by all BeanPostProcessors (for example: not eligible for auto-proxying)
11:43:38.048 [main] INFO  o.s.c.s.PostProcessorRegistrationDelegate$BeanPostProcessorChecker - [postProcessAfterInitialization,330] - Bean 'org.springframework.integration.config.IntegrationManagementConfiguration' of type [org.springframework.integration.config.IntegrationManagementConfiguration$$EnhancerBySpringCGLIB$$d73d2151] is not eligible for getting processed by all BeanPostProcessors (for example: not eligible for auto-proxying)
11:43:38.180 [main] INFO  o.s.c.s.PostProcessorRegistrationDelegate$BeanPostProcessorChecker - [postProcessAfterInitialization,330] - Bean 'org.springframework.boot.autoconfigure.integration.IntegrationAutoConfiguration$IntegrationJmxConfiguration' of type [org.springframework.boot.autoconfigure.integration.IntegrationAutoConfiguration$IntegrationJmxConfiguration$$EnhancerBySpringCGLIB$$b2cf2c71] is not eligible for getting processed by all BeanPostProcessors (for example: not eligible for auto-proxying)
11:43:38.283 [main] INFO  o.s.c.s.PostProcessorRegistrationDelegate$BeanPostProcessorChecker - [postProcessAfterInitialization,330] - Bean 'org.springframework.boot.autoconfigure.jmx.JmxAutoConfiguration' of type [org.springframework.boot.autoconfigure.jmx.JmxAutoConfiguration$$EnhancerBySpringCGLIB$$ebb6d53e] is not eligible for getting processed by all BeanPostProcessors (for example: not eligible for auto-proxying)
11:43:38.361 [main] INFO  o.s.c.s.PostProcessorRegistrationDelegate$BeanPostProcessorChecker - [postProcessAfterInitialization,330] - Bean 'mbeanServer' of type [com.sun.jmx.mbeanserver.JmxMBeanServer] is not eligible for getting processed by all BeanPostProcessors (for example: not eligible for auto-proxying)
11:43:38.684 [main] INFO  o.s.c.s.PostProcessorRegistrationDelegate$BeanPostProcessorChecker - [postProcessAfterInitialization,330] - Bean 'org.springframework.cloud.autoconfigure.ConfigurationPropertiesRebinderAutoConfiguration' of type [org.springframework.cloud.autoconfigure.ConfigurationPropertiesRebinderAutoConfiguration$$EnhancerBySpringCGLIB$$8865691f] is not eligible for getting processed by all BeanPostProcessors (for example: not eligible for auto-proxying)
11:43:42.705 [main] INFO  o.s.b.w.e.t.TomcatWebServer - [initialize,90] - Tomcat initialized with port(s): 8500 (http)
11:43:42.862 [main] INFO  o.a.c.h.Http11NioProtocol - [log,173] - Initializing ProtocolHandler ["http-nio-8500"]
11:43:42.915 [main] INFO  o.a.c.c.StandardService - [log,173] - Starting service [Tomcat]
11:43:42.921 [main] INFO  o.a.c.c.StandardEngine - [log,173] - Starting Servlet engine: [Apache Tomcat/9.0.21]
11:43:44.000 [main] INFO  o.a.c.c.C.[.[.[/] - [log,173] - Initializing Spring embedded WebApplicationContext
11:43:44.004 [main] INFO  o.s.w.c.ContextLoader - [prepareWebApplicationContext,283] - Root WebApplicationContext: initialization completed in 27061 ms
11:43:44.787 [main] INFO  c.n.c.s.URLConfigurationSource - [<init>,122] - To enable URLs as dynamic configuration sources, define System property archaius.configurationSource.additionalUrls or make config.properties available on classpath.
11:43:44.962 [main] INFO  c.n.c.DynamicPropertyFactory - [getInstance,281] - DynamicPropertyFactory is initialized with configuration sources: com.netflix.config.ConcurrentCompositeConfiguration@e3692ca
11:43:57.879 [main] INFO  c.a.d.s.b.a.DruidDataSourceAutoConfigure - [dataSource,56] - Init DruidDataSource
11:44:01.133 [main] INFO  c.a.d.p.DruidDataSource - [init,991] - {dataSource-1} inited
11:44:05.265 [main] INFO  o.s.s.c.ThreadPoolTaskScheduler - [initialize,171] - Initializing ExecutorService 'taskScheduler'
11:44:13.143 [main] INFO  c.a.c.o.a.FeignAutoConfiguration - [feignFormEncoder,30] - FeignSpringFormEncoder [com.alps.common.oauth2.autoconfig.FeignSpringFormEncoder@7b6e196e]
11:44:13.231 [main] INFO  c.a.c.o.a.FeignAutoConfiguration - [feignRequestInterceptor,38] - FeignRequestInterceptor [com.alps.common.oauth2.feign.FeignRequestInterceptor@6101fd7d]
11:44:17.452 [main] INFO  c.n.c.s.URLConfigurationSource - [<init>,122] - To enable URLs as dynamic configuration sources, define System property archaius.configurationSource.additionalUrls or make config.properties available on classpath.
11:44:19.810 [main] INFO  o.s.s.c.ThreadPoolTaskExecutor - [initialize,171] - Initializing ExecutorService 'applicationTaskExecutor'
11:44:21.969 [main] INFO  c.a.c.o.a.AutoConfiguration - [paginationInterceptor,48] - PaginationInterceptor [AbstractSqlParserHandler(sqlParserList=null, sqlParserFilter=null)]
11:44:22.066 [main] INFO  c.a.c.o.a.AutoConfiguration - [springContextHolder,75] - SpringContextHolder [com.alps.common.oauth2.utils.SpringContextHolder@626edbe0]
11:44:22.091 [main] INFO  c.a.c.o.a.AutoConfiguration - [exceptionHandler,88] - AlpsGlobalExceptionHandler [com.alps.common.oauth2.exception.AlpsGlobalExceptionHandler@213a2fe3]
11:44:22.144 [main] INFO  c.a.c.o.a.AutoConfiguration - [snowflakeIdWorker,102] - SnowflakeIdGenerator [com.alps.common.oauth2.constants.SnowflakeIdGenerator@4dc10682]
11:44:22.181 [main] INFO  c.a.c.o.a.AutoConfiguration - [resourceAnnotationScan,116] - RequestMappingScan [com.alps.common.oauth2.constants.RequestMappingScan@53141d3f]
11:44:22.519 [main] INFO  c.a.c.o.a.AutoConfiguration - [alpsRestTemplate,132] - AlpsRestTemplate [com.alps.common.oauth2.constants.AlpsRestTemplate@6872201]
11:44:22.574 [main] INFO  c.a.c.o.a.AutoConfiguration - [restTemplate,141] - RestTemplate [org.springframework.web.client.RestTemplate@32eca9f4]
11:44:22.662 [main] INFO  c.a.c.o.a.MqAutoConfiguration - [apiResourceQueue,26] - Query cloud.scan.api.resource [Queue [name=cloud.scan.api.resource, durable=true, autoDelete=false, exclusive=false, arguments={}, actualName=cloud.scan.api.resource]]
11:44:22.694 [main] INFO  c.a.c.o.a.MqAutoConfiguration - [accessLogsQueue,33] - Query cloud.access.logs [Queue [name=cloud.access.logs, durable=true, autoDelete=false, exclusive=false, arguments={}, actualName=cloud.access.logs]]
11:44:30.075 [main] INFO  o.s.s.w.DefaultSecurityFilterChain - [<init>,43] - Creating filter chain: Ant [pattern='/error'], []
11:44:30.080 [main] INFO  o.s.s.w.DefaultSecurityFilterChain - [<init>,43] - Creating filter chain: Ant [pattern='/login2'], []
11:44:30.081 [main] INFO  o.s.s.w.DefaultSecurityFilterChain - [<init>,43] - Creating filter chain: Ant [pattern='/static/**'], []
11:44:30.082 [main] INFO  o.s.s.w.DefaultSecurityFilterChain - [<init>,43] - Creating filter chain: Ant [pattern='/v2/api-docs/**'], []
11:44:30.084 [main] INFO  o.s.s.w.DefaultSecurityFilterChain - [<init>,43] - Creating filter chain: Ant [pattern='/swagger-resources/**'], []
11:44:30.088 [main] INFO  o.s.s.w.DefaultSecurityFilterChain - [<init>,43] - Creating filter chain: Ant [pattern='/webjars/**'], []
11:44:30.089 [main] INFO  o.s.s.w.DefaultSecurityFilterChain - [<init>,43] - Creating filter chain: Ant [pattern='/favicon.png/'], []
11:44:30.091 [main] INFO  o.s.s.w.DefaultSecurityFilterChain - [<init>,43] - Creating filter chain: Ant [pattern='/favicon.ico'], []
11:44:30.298 [main] INFO  o.s.s.w.DefaultSecurityFilterChain - [<init>,43] - Creating filter chain: OrRequestMatcher [requestMatchers=[Ant [pattern='/oauth/token'], Ant [pattern='/oauth/token_key'], Ant [pattern='/oauth/check_token']]], [org.springframework.security.web.context.request.async.WebAsyncManagerIntegrationFilter@11f8d64, org.springframework.security.web.context.SecurityContextPersistenceFilter@4170ee0f, org.springframework.security.web.header.HeaderWriterFilter@6193340e, org.springframework.security.web.authentication.logout.LogoutFilter@2c226db0, org.springframework.security.oauth2.provider.client.ClientCredentialsTokenEndpointFilter@3ad9f06a, org.springframework.security.web.authentication.www.BasicAuthenticationFilter@453c10c2, org.springframework.security.web.savedrequest.RequestCacheAwareFilter@1bb1ba54, org.springframework.security.web.servletapi.SecurityContextHolderAwareRequestFilter@4baf3987, org.springframework.security.web.authentication.AnonymousAuthenticationFilter@10f03ab0, org.springframework.security.web.session.SessionManagementFilter@2c51ff83, org.springframework.security.web.access.ExceptionTranslationFilter@962e03a, org.springframework.security.web.access.intercept.FilterSecurityInterceptor@25699129]
11:44:30.364 [main] INFO  o.s.s.w.DefaultSecurityFilterChain - [<init>,43] - Creating filter chain: org.springframework.security.oauth2.config.annotation.web.configuration.ResourceServerConfiguration$NotOAuthRequestMatcher@7d91e9c9, [org.springframework.security.web.context.request.async.WebAsyncManagerIntegrationFilter@1d9db780, org.springframework.security.web.context.SecurityContextPersistenceFilter@6e5dc02d, org.springframework.security.web.header.HeaderWriterFilter@aad1270, org.springframework.web.filter.CharacterEncodingFilter@759fe679, org.springframework.security.web.authentication.logout.LogoutFilter@473ee461, org.springframework.security.oauth2.provider.authentication.OAuth2AuthenticationProcessingFilter@42ae0fcf, org.springframework.security.web.authentication.UsernamePasswordAuthenticationFilter@4398d, org.springframework.security.web.savedrequest.RequestCacheAwareFilter@7e4f5062, org.springframework.security.web.servletapi.SecurityContextHolderAwareRequestFilter@1c93f349, org.springframework.security.web.authentication.AnonymousAuthenticationFilter@7056cda8, org.springframework.security.web.session.SessionManagementFilter@7e64b248, org.springframework.security.web.access.ExceptionTranslationFilter@623e578b, org.springframework.security.web.access.intercept.FilterSecurityInterceptor@5b115d71]
11:44:30.394 [main] INFO  o.s.s.w.DefaultSecurityFilterChain - [<init>,43] - Creating filter chain: any request, [org.springframework.security.web.context.request.async.WebAsyncManagerIntegrationFilter@74a29300, org.springframework.security.web.context.SecurityContextPersistenceFilter@3552eb5b, org.springframework.security.web.header.HeaderWriterFilter@6b1381fc, org.springframework.security.web.csrf.CsrfFilter@69c413f7, org.springframework.security.web.authentication.logout.LogoutFilter@24e63b9f, org.springframework.security.web.authentication.UsernamePasswordAuthenticationFilter@52a9c251, org.springframework.security.web.authentication.ui.DefaultLoginPageGeneratingFilter@5973d3ec, org.springframework.security.web.authentication.ui.DefaultLogoutPageGeneratingFilter@340fd670, org.springframework.security.web.authentication.www.BasicAuthenticationFilter@5eace68f, org.springframework.security.web.savedrequest.RequestCacheAwareFilter@4fb53b76, org.springframework.security.web.servletapi.SecurityContextHolderAwareRequestFilter@38de4f1d, org.springframework.security.web.authentication.AnonymousAuthenticationFilter@282831ea, org.springframework.security.web.session.SessionManagementFilter@48b53f3d, org.springframework.security.web.access.ExceptionTranslationFilter@43c73b5c, org.springframework.security.web.access.intercept.FilterSecurityInterceptor@39df2652]
11:44:30.409 [main] INFO  o.s.s.w.DefaultSecurityFilterChain - [<init>,43] - Creating filter chain: any request, [org.springframework.security.web.context.request.async.WebAsyncManagerIntegrationFilter@511cc6fc, org.springframework.security.web.context.SecurityContextPersistenceFilter@420307f9, org.springframework.security.web.header.HeaderWriterFilter@745d399a, org.springframework.security.web.csrf.CsrfFilter@199d1fb7, org.springframework.security.web.authentication.logout.LogoutFilter@1e7f312, org.springframework.security.web.authentication.UsernamePasswordAuthenticationFilter@417c9b17, org.springframework.security.web.authentication.ui.DefaultLoginPageGeneratingFilter@5b810b54, org.springframework.security.web.authentication.ui.DefaultLogoutPageGeneratingFilter@216906a0, org.springframework.security.web.authentication.www.BasicAuthenticationFilter@17d13926, org.springframework.security.web.savedrequest.RequestCacheAwareFilter@630e5803, org.springframework.security.web.servletapi.SecurityContextHolderAwareRequestFilter@7e822c11, org.springframework.security.web.authentication.AnonymousAuthenticationFilter@4e885b9, org.springframework.security.web.session.SessionManagementFilter@3392d69b, org.springframework.security.web.access.ExceptionTranslationFilter@32b273c1, org.springframework.security.web.access.intercept.FilterSecurityInterceptor@127c5f20]
11:44:33.406 [main] INFO  o.s.b.a.e.w.EndpointLinksResolver - [<init>,58] - Exposing 24 endpoint(s) beneath base path '/actuator'
11:44:37.539 [main] INFO  o.s.c.s.m.DirectWithAttributesChannel - [adjustCounterIfNecessary,64] - Channel 'oauth2-admin-1.springCloudBusInput' has 1 subscriber(s).
11:44:40.116 [main] INFO  o.s.i.m.IntegrationMBeanExporter - [registerChannel,767] - Registering MessageChannel nullChannel
11:44:40.239 [main] INFO  o.s.i.m.IntegrationMBeanExporter - [registerChannel,767] - Registering MessageChannel springCloudBusInput
11:44:40.647 [main] INFO  o.s.i.m.IntegrationMBeanExporter - [registerChannel,767] - Registering MessageChannel errorChannel
11:44:40.858 [main] INFO  o.s.i.m.IntegrationMBeanExporter - [registerChannel,767] - Registering MessageChannel springCloudBusOutput
11:44:40.927 [main] INFO  o.s.i.m.IntegrationMBeanExporter - [registerHandler,785] - Registering MessageHandler errorLogger
11:44:41.050 [main] INFO  o.s.i.m.IntegrationMBeanExporter - [registerHandler,785] - Registering MessageHandler org.springframework.cloud.stream.binding.StreamListenerMessageHandler@6b5df313
11:44:41.594 [main] INFO  o.s.i.e.EventDrivenConsumer - [logComponentSubscriptionEvent,107] - Adding {logging-channel-adapter:_org.springframework.integration.errorLogger} as a subscriber to the 'errorChannel' channel
11:44:41.599 [main] INFO  o.s.i.c.PublishSubscribeChannel - [adjustCounterIfNecessary,64] - Channel 'oauth2-admin-1.errorChannel' has 1 subscriber(s).
11:44:41.602 [main] INFO  o.s.i.e.EventDrivenConsumer - [start,159] - started _org.springframework.integration.errorLogger
11:44:44.496 [main] INFO  o.s.a.r.c.CachingConnectionFactory - [createBareConnection,460] - Attempting to connect to: [localhost:5672]
11:44:46.721 [main] INFO  o.s.a.r.c.CachingConnectionFactory - [createBareConnection,496] - Created new connection: rabbitConnectionFactory#3b18009f:0/SimpleConnection@1bbbede1 [delegate=amqp://guest@127.0.0.1:5672/, localPort= 61643]
11:44:47.327 [main] INFO  o.s.c.s.m.DirectWithAttributesChannel - [adjustCounterIfNecessary,64] - Channel 'oauth2-admin-1.springCloudBusOutput' has 1 subscriber(s).
11:44:47.432 [main] INFO  o.s.c.n.e.InstanceInfoFactory - [create,72] - Setting initial instance status as: STARTING
11:44:47.766 [main] INFO  c.n.d.DiscoveryClient - [<init>,365] - Initializing Eureka in region us-east-1
11:44:48.754 [main] INFO  c.n.d.p.DiscoveryJerseyProvider - [<init>,70] - Using JSON encoding codec LegacyJacksonJson
11:44:48.759 [main] INFO  c.n.d.p.DiscoveryJerseyProvider - [<init>,71] - Using JSON decoding codec LegacyJacksonJson
11:44:49.720 [main] INFO  c.n.d.p.DiscoveryJerseyProvider - [<init>,80] - Using XML encoding codec XStreamXml
11:44:49.737 [main] INFO  c.n.d.p.DiscoveryJerseyProvider - [<init>,81] - Using XML decoding codec XStreamXml
11:44:51.431 [main] INFO  c.n.d.s.r.a.ConfigClusterResolver - [getClusterEndpoints,43] - Resolving eureka endpoints via configuration
11:44:51.732 [main] INFO  c.n.d.DiscoveryClient - [fetchRegistry,976] - Disable delta property : false
11:44:51.734 [main] INFO  c.n.d.DiscoveryClient - [fetchRegistry,977] - Single vip registry refresh property : null
11:44:51.739 [main] INFO  c.n.d.DiscoveryClient - [fetchRegistry,978] - Force full registry fetch : false
11:44:51.740 [main] INFO  c.n.d.DiscoveryClient - [fetchRegistry,979] - Application is null : false
11:44:51.744 [main] INFO  c.n.d.DiscoveryClient - [fetchRegistry,980] - Registered Applications size is zero : true
11:44:51.745 [main] INFO  c.n.d.DiscoveryClient - [fetchRegistry,982] - Application version is -1: true
11:44:51.749 [main] INFO  c.n.d.DiscoveryClient - [getAndStoreFullRegistry,1065] - Getting all instance registry info from the eureka server
11:44:59.068 [main] INFO  c.n.d.DiscoveryClient - [getAndStoreFullRegistry,1074] - The response status is 200
11:44:59.084 [main] INFO  c.n.d.DiscoveryClient - [initScheduledTasks,1288] - Starting heartbeat executor: renew interval is: 30
11:44:59.158 [main] INFO  c.n.d.InstanceInfoReplicator - [<init>,60] - InstanceInfoReplicator onDemand update allowed rate per min is 4
11:44:59.202 [main] INFO  c.n.d.DiscoveryClient - [<init>,465] - Discovery Client initialized at timestamp 1590983099197 with initial instances count: 0
11:44:59.224 [main] INFO  o.s.c.n.e.s.EurekaServiceRegistry - [register,41] - Registering application OAUTH2-ADMIN with eureka with status UP
11:44:59.236 [main] INFO  c.n.d.DiscoveryClient - [notify,1323] - Saw local status change event StatusChangeEvent [timestamp=1590983099236, current=UP, previous=STARTING]
11:44:59.377 [DiscoveryClient-InstanceInfoReplicator-0] INFO  c.n.d.DiscoveryClient - [register,844] - DiscoveryClient_OAUTH2-ADMIN/oauth2-admin: registering service...
11:44:59.553 [main] INFO  o.s.c.s.b.r.p.RabbitExchangeQueueProvisioner - [doProvisionConsumerDestination,168] - declaring queue for inbound: springCloudBus.anonymous.4ueSDfPkSOmPXMQsyR-hIw, bound to: springCloudBus
11:45:00.045 [main] INFO  o.s.i.m.IntegrationMBeanExporter - [registerChannel,767] - Registering MessageChannel springCloudBus.anonymous.4ueSDfPkSOmPXMQsyR-hIw.errors
11:45:00.999 [DiscoveryClient-InstanceInfoReplicator-0] INFO  c.n.d.DiscoveryClient - [register,853] - DiscoveryClient_OAUTH2-ADMIN/oauth2-admin - registration status: 204
11:45:01.000 [main] INFO  o.s.c.s.b.BinderErrorChannel - [adjustCounterIfNecessary,64] - Channel 'oauth2-admin-1.springCloudBus.anonymous.4ueSDfPkSOmPXMQsyR-hIw.errors' has 1 subscriber(s).
11:45:01.019 [main] INFO  o.s.c.s.b.BinderErrorChannel - [adjustCounterIfNecessary,64] - Channel 'oauth2-admin-1.springCloudBus.anonymous.4ueSDfPkSOmPXMQsyR-hIw.errors' has 2 subscriber(s).
11:45:01.531 [main] INFO  o.s.i.a.i.AmqpInboundChannelAdapter - [start,159] - started inbound.springCloudBus.anonymous.4ueSDfPkSOmPXMQsyR-hIw
11:45:01.755 [main] INFO  o.a.c.h.Http11NioProtocol - [log,173] - Starting ProtocolHandler ["http-nio-8500"]
11:45:02.171 [main] INFO  o.s.b.w.e.t.TomcatWebServer - [start,202] - Tomcat started on port(s): 8500 (http) with context path ''
11:45:02.178 [main] INFO  o.s.c.n.e.s.EurekaAutoServiceRegistration - [onApplicationEvent,145] - Updating port to 8500
11:45:02.186 [main] INFO  c.a.o.u.a.UaaAdminApplication - [logStarted,59] - Started UaaAdminApplication in 121.242 seconds (JVM running for 135.644)
11:45:29.130 [DiscoveryClient-CacheRefreshExecutor-0] INFO  c.n.d.DiscoveryClient - [fetchRegistry,976] - Disable delta property : false
11:45:29.134 [DiscoveryClient-CacheRefreshExecutor-0] INFO  c.n.d.DiscoveryClient - [fetchRegistry,977] - Single vip registry refresh property : null
11:45:29.138 [DiscoveryClient-CacheRefreshExecutor-0] INFO  c.n.d.DiscoveryClient - [fetchRegistry,978] - Force full registry fetch : false
11:45:29.139 [DiscoveryClient-CacheRefreshExecutor-0] INFO  c.n.d.DiscoveryClient - [fetchRegistry,979] - Application is null : false
11:45:29.142 [DiscoveryClient-CacheRefreshExecutor-0] INFO  c.n.d.DiscoveryClient - [fetchRegistry,980] - Registered Applications size is zero : true
11:45:29.143 [DiscoveryClient-CacheRefreshExecutor-0] INFO  c.n.d.DiscoveryClient - [fetchRegistry,982] - Application version is -1: false
11:45:29.147 [DiscoveryClient-CacheRefreshExecutor-0] INFO  c.n.d.DiscoveryClient - [getAndStoreFullRegistry,1065] - Getting all instance registry info from the eureka server
11:45:29.180 [DiscoveryClient-CacheRefreshExecutor-0] INFO  c.n.d.DiscoveryClient - [getAndStoreFullRegistry,1074] - The response status is 200
11:45:59.192 [DiscoveryClient-CacheRefreshExecutor-0] INFO  c.n.d.DiscoveryClient - [fetchRegistry,976] - Disable delta property : false
11:45:59.197 [DiscoveryClient-CacheRefreshExecutor-0] INFO  c.n.d.DiscoveryClient - [fetchRegistry,977] - Single vip registry refresh property : null
11:45:59.201 [DiscoveryClient-CacheRefreshExecutor-0] INFO  c.n.d.DiscoveryClient - [fetchRegistry,978] - Force full registry fetch : false
11:45:59.202 [DiscoveryClient-CacheRefreshExecutor-0] INFO  c.n.d.DiscoveryClient - [fetchRegistry,979] - Application is null : false
11:45:59.204 [DiscoveryClient-CacheRefreshExecutor-0] INFO  c.n.d.DiscoveryClient - [fetchRegistry,980] - Registered Applications size is zero : true
11:45:59.206 [DiscoveryClient-CacheRefreshExecutor-0] INFO  c.n.d.DiscoveryClient - [fetchRegistry,982] - Application version is -1: false
11:45:59.210 [DiscoveryClient-CacheRefreshExecutor-0] INFO  c.n.d.DiscoveryClient - [getAndStoreFullRegistry,1065] - Getting all instance registry info from the eureka server
11:45:59.406 [DiscoveryClient-CacheRefreshExecutor-0] INFO  c.n.d.DiscoveryClient - [getAndStoreFullRegistry,1074] - The response status is 200
11:49:51.832 [AsyncResolver-bootstrap-executor-0] INFO  c.n.d.s.r.a.ConfigClusterResolver - [getClusterEndpoints,43] - Resolving eureka endpoints via configuration
11:54:51.896 [AsyncResolver-bootstrap-executor-0] INFO  c.n.d.s.r.a.ConfigClusterResolver - [getClusterEndpoints,43] - Resolving eureka endpoints via configuration
11:59:51.960 [AsyncResolver-bootstrap-executor-0] INFO  c.n.d.s.r.a.ConfigClusterResolver - [getClusterEndpoints,43] - Resolving eureka endpoints via configuration
12:04:52.024 [AsyncResolver-bootstrap-executor-0] INFO  c.n.d.s.r.a.ConfigClusterResolver - [getClusterEndpoints,43] - Resolving eureka endpoints via configuration
12:09:52.087 [AsyncResolver-bootstrap-executor-0] INFO  c.n.d.s.r.a.ConfigClusterResolver - [getClusterEndpoints,43] - Resolving eureka endpoints via configuration
12:14:52.150 [AsyncResolver-bootstrap-executor-0] INFO  c.n.d.s.r.a.ConfigClusterResolver - [getClusterEndpoints,43] - Resolving eureka endpoints via configuration
12:19:52.213 [AsyncResolver-bootstrap-executor-0] INFO  c.n.d.s.r.a.ConfigClusterResolver - [getClusterEndpoints,43] - Resolving eureka endpoints via configuration
12:24:52.277 [AsyncResolver-bootstrap-executor-0] INFO  c.n.d.s.r.a.ConfigClusterResolver - [getClusterEndpoints,43] - Resolving eureka endpoints via configuration
12:29:52.340 [AsyncResolver-bootstrap-executor-0] INFO  c.n.d.s.r.a.ConfigClusterResolver - [getClusterEndpoints,43] - Resolving eureka endpoints via configuration
12:34:52.403 [AsyncResolver-bootstrap-executor-0] INFO  c.n.d.s.r.a.ConfigClusterResolver - [getClusterEndpoints,43] - Resolving eureka endpoints via configuration
12:39:52.466 [AsyncResolver-bootstrap-executor-0] INFO  c.n.d.s.r.a.ConfigClusterResolver - [getClusterEndpoints,43] - Resolving eureka endpoints via configuration
12:44:52.530 [AsyncResolver-bootstrap-executor-0] INFO  c.n.d.s.r.a.ConfigClusterResolver - [getClusterEndpoints,43] - Resolving eureka endpoints via configuration
12:49:52.595 [AsyncResolver-bootstrap-executor-0] INFO  c.n.d.s.r.a.ConfigClusterResolver - [getClusterEndpoints,43] - Resolving eureka endpoints via configuration
12:54:52.658 [AsyncResolver-bootstrap-executor-0] INFO  c.n.d.s.r.a.ConfigClusterResolver - [getClusterEndpoints,43] - Resolving eureka endpoints via configuration
12:59:52.721 [AsyncResolver-bootstrap-executor-0] INFO  c.n.d.s.r.a.ConfigClusterResolver - [getClusterEndpoints,43] - Resolving eureka endpoints via configuration
13:04:52.785 [AsyncResolver-bootstrap-executor-0] INFO  c.n.d.s.r.a.ConfigClusterResolver - [getClusterEndpoints,43] - Resolving eureka endpoints via configuration
13:09:52.848 [AsyncResolver-bootstrap-executor-0] INFO  c.n.d.s.r.a.ConfigClusterResolver - [getClusterEndpoints,43] - Resolving eureka endpoints via configuration
13:14:52.911 [AsyncResolver-bootstrap-executor-0] INFO  c.n.d.s.r.a.ConfigClusterResolver - [getClusterEndpoints,43] - Resolving eureka endpoints via configuration
13:19:52.976 [AsyncResolver-bootstrap-executor-0] INFO  c.n.d.s.r.a.ConfigClusterResolver - [getClusterEndpoints,43] - Resolving eureka endpoints via configuration
13:22:27.343 [http-nio-8500-exec-3] INFO  o.a.c.c.C.[.[.[/] - [log,173] - Initializing Spring DispatcherServlet 'dispatcherServlet'
13:22:27.350 [http-nio-8500-exec-3] INFO  o.s.w.s.DispatcherServlet - [initServletBean,524] - Initializing Servlet 'dispatcherServlet'
13:22:29.251 [http-nio-8500-exec-3] INFO  o.s.w.s.DispatcherServlet - [initServletBean,546] - Completed initialization in 1896 ms
13:22:46.639 [http-nio-8500-exec-3] INFO  c.n.c.ChainedDynamicProperty - [checkAndFlip,115] - Flipping property: oauth2-server.ribbon.ActiveConnectionsLimit to use NEXT property: niws.loadbalancer.availabilityFilteringRule.activeConnectionsLimit = 2147483647
13:22:46.976 [http-nio-8500-exec-3] INFO  c.n.u.c.ShutdownEnabledTimer - [<init>,58] - Shutdown hook installed for: NFLoadBalancer-PingTimer-oauth2-server
13:22:46.981 [http-nio-8500-exec-3] INFO  c.n.l.BaseLoadBalancer - [initWithConfig,197] - Client: oauth2-server instantiated a LoadBalancer: DynamicServerListLoadBalancer:{NFLoadBalancer:name=oauth2-server,current list of Servers=[],Load balancer stats=Zone stats: {},Server stats: []}ServerList:null
13:22:47.088 [http-nio-8500-exec-3] INFO  c.n.l.DynamicServerListLoadBalancer - [enableAndInitLearnNewServersFeature,222] - Using serverListUpdater PollingServerListUpdater
13:22:47.606 [http-nio-8500-exec-3] INFO  c.n.c.ChainedDynamicProperty - [checkAndFlip,115] - Flipping property: oauth2-server.ribbon.ActiveConnectionsLimit to use NEXT property: niws.loadbalancer.availabilityFilteringRule.activeConnectionsLimit = 2147483647
13:22:47.639 [http-nio-8500-exec-3] INFO  c.n.l.DynamicServerListLoadBalancer - [restOfInit,150] - DynamicServerListLoadBalancer for client oauth2-server initialized: DynamicServerListLoadBalancer:{NFLoadBalancer:name=oauth2-server,current list of Servers=[vWHPC80DMZ0016.ECMMS.FOXCONN:8700],Load balancer stats=Zone stats: {defaultzone=[Zone:defaultzone;	Instance count:1;	Active connections count: 0;	Circuit breaker tripped count: 0;	Active connections per server: 0.0;]
},Server stats: [[Server:vWHPC80DMZ0016.ECMMS.FOXCONN:8700;	Zone:defaultZone;	Total Requests:0;	Successive connection failure:0;	Total blackout seconds:0;	Last connection made:Thu Jan 01 08:00:00 CST 1970;	First connection made: Thu Jan 01 08:00:00 CST 1970;	Active Connections:0;	total failure count in last (1000) msecs:0;	average resp time:0.0;	90 percentile resp time:0.0;	95 percentile resp time:0.0;	min resp time:0.0;	max resp time:0.0;	stddev resp time:0.0]
]}ServerList:org.springframework.cloud.netflix.ribbon.eureka.DomainExtractingServerList@493c6a38
13:22:48.116 [PollingServerListUpdater-0] INFO  c.n.c.ChainedDynamicProperty - [checkAndFlip,115] - Flipping property: oauth2-server.ribbon.ActiveConnectionsLimit to use NEXT property: niws.loadbalancer.availabilityFilteringRule.activeConnectionsLimit = 2147483647
13:24:53.053 [AsyncResolver-bootstrap-executor-0] INFO  c.n.d.s.r.a.ConfigClusterResolver - [getClusterEndpoints,43] - Resolving eureka endpoints via configuration
13:29:53.197 [AsyncResolver-bootstrap-executor-0] INFO  c.n.d.s.r.a.ConfigClusterResolver - [getClusterEndpoints,43] - Resolving eureka endpoints via configuration
13:35:40.344 [main] INFO  o.s.c.s.PostProcessorRegistrationDelegate$BeanPostProcessorChecker - [postProcessAfterInitialization,330] - Bean 'org.springframework.cloud.autoconfigure.ConfigurationPropertiesRebinderAutoConfiguration' of type [org.springframework.cloud.autoconfigure.ConfigurationPropertiesRebinderAutoConfiguration$$EnhancerBySpringCGLIB$$c93a973e] is not eligible for getting processed by all BeanPostProcessors (for example: not eligible for auto-proxying)
13:35:41.342 [main] INFO  c.a.o.u.a.UaaAdminApplication - [logStartupProfileInfo,646] - No active profile set, falling back to default profiles: default
13:35:51.739 [main] INFO  o.s.d.r.c.RepositoryConfigurationDelegate - [multipleStoresDetected,244] - Multiple Spring Data modules found, entering strict repository configuration mode!
13:35:51.801 [main] INFO  o.s.d.r.c.RepositoryConfigurationDelegate - [registerRepositoriesIn,126] - Bootstrapping Spring Data repositories in DEFAULT mode.
13:35:52.305 [main] INFO  o.s.d.r.c.RepositoryConfigurationDelegate - [registerRepositoriesIn,182] - Finished Spring Data repository scanning in 226ms. Found 0 repository interfaces.
13:35:56.980 [main] INFO  o.s.c.c.s.GenericScope - [setSerializationId,295] - BeanFactory id=5e9ebb9d-818b-3b2b-9814-557e407cdd72
13:35:57.350 [main] INFO  o.s.i.c.DefaultConfiguringBeanFactoryPostProcessor - [registerErrorChannel,193] - No bean named 'errorChannel' has been explicitly defined. Therefore, a default PublishSubscribeChannel will be created.
13:35:57.469 [main] INFO  o.s.i.c.DefaultConfiguringBeanFactoryPostProcessor - [registerTaskScheduler,280] - No bean named 'taskScheduler' has been explicitly defined. Therefore, a default ThreadPoolTaskScheduler will be created.
13:35:57.628 [main] INFO  o.s.i.c.DefaultConfiguringBeanFactoryPostProcessor - [registerHeaderChannelRegistry,431] - No bean named 'integrationHeaderChannelRegistry' has been explicitly defined. Therefore, a default DefaultHeaderChannelRegistry will be created.
13:36:01.374 [main] INFO  o.s.c.s.PostProcessorRegistrationDelegate$BeanPostProcessorChecker - [postProcessAfterInitialization,330] - Bean 'org.springframework.transaction.annotation.ProxyTransactionManagementConfiguration' of type [org.springframework.transaction.annotation.ProxyTransactionManagementConfiguration$$EnhancerBySpringCGLIB$$ad209441] is not eligible for getting processed by all BeanPostProcessors (for example: not eligible for auto-proxying)
13:36:02.019 [main] INFO  o.s.c.s.PostProcessorRegistrationDelegate$BeanPostProcessorChecker - [postProcessAfterInitialization,330] - Bean 'integrationDisposableAutoCreatedBeans' of type [org.springframework.integration.config.annotation.Disposables] is not eligible for getting processed by all BeanPostProcessors (for example: not eligible for auto-proxying)
13:36:02.425 [main] INFO  o.s.c.s.PostProcessorRegistrationDelegate$BeanPostProcessorChecker - [postProcessAfterInitialization,330] - Bean 'org.springframework.integration.config.IntegrationManagementConfiguration' of type [org.springframework.integration.config.IntegrationManagementConfiguration$$EnhancerBySpringCGLIB$$18124f70] is not eligible for getting processed by all BeanPostProcessors (for example: not eligible for auto-proxying)
13:36:02.562 [main] INFO  o.s.c.s.PostProcessorRegistrationDelegate$BeanPostProcessorChecker - [postProcessAfterInitialization,330] - Bean 'org.springframework.boot.autoconfigure.integration.IntegrationAutoConfiguration$IntegrationJmxConfiguration' of type [org.springframework.boot.autoconfigure.integration.IntegrationAutoConfiguration$IntegrationJmxConfiguration$$EnhancerBySpringCGLIB$$f3a45a90] is not eligible for getting processed by all BeanPostProcessors (for example: not eligible for auto-proxying)
13:36:02.653 [main] INFO  o.s.c.s.PostProcessorRegistrationDelegate$BeanPostProcessorChecker - [postProcessAfterInitialization,330] - Bean 'org.springframework.boot.autoconfigure.jmx.JmxAutoConfiguration' of type [org.springframework.boot.autoconfigure.jmx.JmxAutoConfiguration$$EnhancerBySpringCGLIB$$2c8c035d] is not eligible for getting processed by all BeanPostProcessors (for example: not eligible for auto-proxying)
13:36:02.730 [main] INFO  o.s.c.s.PostProcessorRegistrationDelegate$BeanPostProcessorChecker - [postProcessAfterInitialization,330] - Bean 'mbeanServer' of type [com.sun.jmx.mbeanserver.JmxMBeanServer] is not eligible for getting processed by all BeanPostProcessors (for example: not eligible for auto-proxying)
13:36:02.969 [main] INFO  o.s.c.s.PostProcessorRegistrationDelegate$BeanPostProcessorChecker - [postProcessAfterInitialization,330] - Bean 'org.springframework.cloud.autoconfigure.ConfigurationPropertiesRebinderAutoConfiguration' of type [org.springframework.cloud.autoconfigure.ConfigurationPropertiesRebinderAutoConfiguration$$EnhancerBySpringCGLIB$$c93a973e] is not eligible for getting processed by all BeanPostProcessors (for example: not eligible for auto-proxying)
13:36:06.451 [main] INFO  o.s.b.w.e.t.TomcatWebServer - [initialize,90] - Tomcat initialized with port(s): 8500 (http)
13:36:06.593 [main] INFO  o.a.c.h.Http11NioProtocol - [log,173] - Initializing ProtocolHandler ["http-nio-8500"]
13:36:06.634 [main] INFO  o.a.c.c.StandardService - [log,173] - Starting service [Tomcat]
13:36:06.636 [main] INFO  o.a.c.c.StandardEngine - [log,173] - Starting Servlet engine: [Apache Tomcat/9.0.21]
13:36:07.598 [main] INFO  o.a.c.c.C.[.[.[/] - [log,173] - Initializing Spring embedded WebApplicationContext
13:36:07.603 [main] INFO  o.s.w.c.ContextLoader - [prepareWebApplicationContext,283] - Root WebApplicationContext: initialization completed in 26149 ms
13:36:08.418 [main] INFO  c.n.c.s.URLConfigurationSource - [<init>,122] - To enable URLs as dynamic configuration sources, define System property archaius.configurationSource.additionalUrls or make config.properties available on classpath.
13:36:08.536 [main] INFO  c.n.c.DynamicPropertyFactory - [getInstance,281] - DynamicPropertyFactory is initialized with configuration sources: com.netflix.config.ConcurrentCompositeConfiguration@26d445e9
13:36:19.470 [main] INFO  c.a.d.s.b.a.DruidDataSourceAutoConfigure - [dataSource,56] - Init DruidDataSource
13:36:22.273 [main] INFO  c.a.d.p.DruidDataSource - [init,991] - {dataSource-1} inited
13:36:25.516 [main] INFO  o.s.s.c.ThreadPoolTaskScheduler - [initialize,171] - Initializing ExecutorService 'taskScheduler'
13:36:30.742 [main] INFO  c.a.c.o.a.FeignAutoConfiguration - [feignFormEncoder,30] - FeignSpringFormEncoder [com.alps.common.oauth2.autoconfig.FeignSpringFormEncoder@766ab25b]
13:36:30.831 [main] INFO  c.a.c.o.a.FeignAutoConfiguration - [feignRequestInterceptor,38] - FeignRequestInterceptor [com.alps.common.oauth2.feign.FeignRequestInterceptor@4c364a9d]
13:36:33.863 [main] INFO  c.n.c.s.URLConfigurationSource - [<init>,122] - To enable URLs as dynamic configuration sources, define System property archaius.configurationSource.additionalUrls or make config.properties available on classpath.
13:36:35.699 [main] INFO  o.s.s.c.ThreadPoolTaskExecutor - [initialize,171] - Initializing ExecutorService 'applicationTaskExecutor'
13:36:36.868 [main] INFO  c.a.c.o.a.AutoConfiguration - [paginationInterceptor,48] - PaginationInterceptor [AbstractSqlParserHandler(sqlParserList=null, sqlParserFilter=null)]
13:36:36.959 [main] INFO  c.a.c.o.a.AutoConfiguration - [springContextHolder,75] - SpringContextHolder [com.alps.common.oauth2.utils.SpringContextHolder@3f04349b]
13:36:36.980 [main] INFO  c.a.c.o.a.AutoConfiguration - [exceptionHandler,88] - AlpsGlobalExceptionHandler [com.alps.common.oauth2.exception.AlpsGlobalExceptionHandler@14ca4b4d]
13:36:37.025 [main] INFO  c.a.c.o.a.AutoConfiguration - [snowflakeIdWorker,102] - SnowflakeIdGenerator [com.alps.common.oauth2.constants.SnowflakeIdGenerator@4ae93e38]
13:36:37.064 [main] INFO  c.a.c.o.a.AutoConfiguration - [resourceAnnotationScan,116] - RequestMappingScan [com.alps.common.oauth2.constants.RequestMappingScan@17d5138]
13:36:37.297 [main] INFO  c.a.c.o.a.AutoConfiguration - [alpsRestTemplate,132] - AlpsRestTemplate [com.alps.common.oauth2.constants.AlpsRestTemplate@283074e8]
13:36:37.354 [main] INFO  c.a.c.o.a.AutoConfiguration - [restTemplate,141] - RestTemplate [org.springframework.web.client.RestTemplate@6945fdb8]
13:36:37.422 [main] INFO  c.a.c.o.a.MqAutoConfiguration - [apiResourceQueue,26] - Query cloud.scan.api.resource [Queue [name=cloud.scan.api.resource, durable=true, autoDelete=false, exclusive=false, arguments={}, actualName=cloud.scan.api.resource]]
13:36:37.447 [main] INFO  c.a.c.o.a.MqAutoConfiguration - [accessLogsQueue,33] - Query cloud.access.logs [Queue [name=cloud.access.logs, durable=true, autoDelete=false, exclusive=false, arguments={}, actualName=cloud.access.logs]]
13:36:43.491 [main] INFO  o.s.s.w.DefaultSecurityFilterChain - [<init>,43] - Creating filter chain: Ant [pattern='/error'], []
13:36:43.496 [main] INFO  o.s.s.w.DefaultSecurityFilterChain - [<init>,43] - Creating filter chain: Ant [pattern='/login2'], []
13:36:43.497 [main] INFO  o.s.s.w.DefaultSecurityFilterChain - [<init>,43] - Creating filter chain: Ant [pattern='/static/**'], []
13:36:43.499 [main] INFO  o.s.s.w.DefaultSecurityFilterChain - [<init>,43] - Creating filter chain: Ant [pattern='/v2/api-docs/**'], []
13:36:43.500 [main] INFO  o.s.s.w.DefaultSecurityFilterChain - [<init>,43] - Creating filter chain: Ant [pattern='/swagger-resources/**'], []
13:36:43.503 [main] INFO  o.s.s.w.DefaultSecurityFilterChain - [<init>,43] - Creating filter chain: Ant [pattern='/webjars/**'], []
13:36:43.505 [main] INFO  o.s.s.w.DefaultSecurityFilterChain - [<init>,43] - Creating filter chain: Ant [pattern='/favicon.png/'], []
13:36:43.506 [main] INFO  o.s.s.w.DefaultSecurityFilterChain - [<init>,43] - Creating filter chain: Ant [pattern='/favicon.ico'], []
13:36:43.727 [main] INFO  o.s.s.w.DefaultSecurityFilterChain - [<init>,43] - Creating filter chain: OrRequestMatcher [requestMatchers=[Ant [pattern='/oauth/token'], Ant [pattern='/oauth/token_key'], Ant [pattern='/oauth/check_token']]], [org.springframework.security.web.context.request.async.WebAsyncManagerIntegrationFilter@2449dff5, org.springframework.security.web.context.SecurityContextPersistenceFilter@5be521cd, org.springframework.security.web.header.HeaderWriterFilter@6cf7de4e, org.springframework.security.web.authentication.logout.LogoutFilter@5a77e0e4, org.springframework.security.oauth2.provider.client.ClientCredentialsTokenEndpointFilter@618c387d, org.springframework.security.web.authentication.www.BasicAuthenticationFilter@e206be5, org.springframework.security.web.savedrequest.RequestCacheAwareFilter@7b886bd3, org.springframework.security.web.servletapi.SecurityContextHolderAwareRequestFilter@3b93d874, org.springframework.security.web.authentication.AnonymousAuthenticationFilter@4d2068ea, org.springframework.security.web.session.SessionManagementFilter@611c1f92, org.springframework.security.web.access.ExceptionTranslationFilter@19e93a38, org.springframework.security.web.access.intercept.FilterSecurityInterceptor@23d1090]
13:36:43.813 [main] INFO  o.s.s.w.DefaultSecurityFilterChain - [<init>,43] - Creating filter chain: org.springframework.security.oauth2.config.annotation.web.configuration.ResourceServerConfiguration$NotOAuthRequestMatcher@1acf7db2, [org.springframework.security.web.context.request.async.WebAsyncManagerIntegrationFilter@252da8f, org.springframework.security.web.context.SecurityContextPersistenceFilter@77095c8c, org.springframework.security.web.header.HeaderWriterFilter@655e024, org.springframework.web.filter.CharacterEncodingFilter@3a973b5e, org.springframework.security.web.authentication.logout.LogoutFilter@6aa16117, org.springframework.security.oauth2.provider.authentication.OAuth2AuthenticationProcessingFilter@7e5c04a4, org.springframework.security.web.authentication.UsernamePasswordAuthenticationFilter@6faa24, org.springframework.security.web.savedrequest.RequestCacheAwareFilter@3f29e67e, org.springframework.security.web.servletapi.SecurityContextHolderAwareRequestFilter@16d4757f, org.springframework.security.web.authentication.AnonymousAuthenticationFilter@6225c800, org.springframework.security.web.session.SessionManagementFilter@5b34e7bd, org.springframework.security.web.access.ExceptionTranslationFilter@3d4ea4cf, org.springframework.security.web.access.intercept.FilterSecurityInterceptor@3a516e4d]
13:36:43.838 [main] INFO  o.s.s.w.DefaultSecurityFilterChain - [<init>,43] - Creating filter chain: any request, [org.springframework.security.web.context.request.async.WebAsyncManagerIntegrationFilter@2d4e6bb2, org.springframework.security.web.context.SecurityContextPersistenceFilter@59f0ef6e, org.springframework.security.web.header.HeaderWriterFilter@5c937c92, org.springframework.security.web.csrf.CsrfFilter@9918487, org.springframework.security.web.authentication.logout.LogoutFilter@2505480a, org.springframework.security.web.authentication.UsernamePasswordAuthenticationFilter@6ef3f72c, org.springframework.security.web.authentication.ui.DefaultLoginPageGeneratingFilter@4eb2a0c2, org.springframework.security.web.authentication.ui.DefaultLogoutPageGeneratingFilter@13453610, org.springframework.security.web.authentication.www.BasicAuthenticationFilter@4e791e53, org.springframework.security.web.savedrequest.RequestCacheAwareFilter@67f25c, org.springframework.security.web.servletapi.SecurityContextHolderAwareRequestFilter@47d7792e, org.springframework.security.web.authentication.AnonymousAuthenticationFilter@62fee9c3, org.springframework.security.web.session.SessionManagementFilter@22c5652b, org.springframework.security.web.access.ExceptionTranslationFilter@3e8cf854, org.springframework.security.web.access.intercept.FilterSecurityInterceptor@4cde5d66]
13:36:43.849 [main] INFO  o.s.s.w.DefaultSecurityFilterChain - [<init>,43] - Creating filter chain: any request, [org.springframework.security.web.context.request.async.WebAsyncManagerIntegrationFilter@7b01f056, org.springframework.security.web.context.SecurityContextPersistenceFilter@73daf6a6, org.springframework.security.web.header.HeaderWriterFilter@4f091800, org.springframework.security.web.csrf.CsrfFilter@1c9fa12, org.springframework.security.web.authentication.logout.LogoutFilter@2ba0b7cf, org.springframework.security.web.authentication.UsernamePasswordAuthenticationFilter@1c0cba60, org.springframework.security.web.authentication.ui.DefaultLoginPageGeneratingFilter@feb0f52, org.springframework.security.web.authentication.ui.DefaultLogoutPageGeneratingFilter@1caff0db, org.springframework.security.web.authentication.www.BasicAuthenticationFilter@34b294c4, org.springframework.security.web.savedrequest.RequestCacheAwareFilter@59ea2a36, org.springframework.security.web.servletapi.SecurityContextHolderAwareRequestFilter@5e24f013, org.springframework.security.web.authentication.AnonymousAuthenticationFilter@65899694, org.springframework.security.web.session.SessionManagementFilter@3d8d926f, org.springframework.security.web.access.ExceptionTranslationFilter@549fc0b3, org.springframework.security.web.access.intercept.FilterSecurityInterceptor@23389e2b]
13:36:46.525 [main] INFO  o.s.b.a.e.w.EndpointLinksResolver - [<init>,58] - Exposing 24 endpoint(s) beneath base path '/actuator'
13:36:49.684 [main] INFO  o.s.c.s.m.DirectWithAttributesChannel - [adjustCounterIfNecessary,64] - Channel 'oauth2-admin-1.springCloudBusInput' has 1 subscriber(s).
13:36:50.713 [main] INFO  o.s.i.m.IntegrationMBeanExporter - [registerChannel,767] - Registering MessageChannel nullChannel
13:36:50.864 [main] INFO  o.s.i.m.IntegrationMBeanExporter - [registerChannel,767] - Registering MessageChannel springCloudBusInput
13:36:51.316 [main] INFO  o.s.i.m.IntegrationMBeanExporter - [registerChannel,767] - Registering MessageChannel springCloudBusOutput
13:36:51.333 [main] INFO  o.s.i.m.IntegrationMBeanExporter - [registerChannel,767] - Registering MessageChannel errorChannel
13:36:51.577 [main] INFO  o.s.i.m.IntegrationMBeanExporter - [registerHandler,785] - Registering MessageHandler errorLogger
13:36:51.685 [main] INFO  o.s.i.m.IntegrationMBeanExporter - [registerHandler,785] - Registering MessageHandler org.springframework.cloud.stream.binding.StreamListenerMessageHandler@4b37ede0
13:36:52.129 [main] INFO  o.s.i.e.EventDrivenConsumer - [logComponentSubscriptionEvent,107] - Adding {logging-channel-adapter:_org.springframework.integration.errorLogger} as a subscriber to the 'errorChannel' channel
13:36:52.133 [main] INFO  o.s.i.c.PublishSubscribeChannel - [adjustCounterIfNecessary,64] - Channel 'oauth2-admin-1.errorChannel' has 1 subscriber(s).
13:36:52.134 [main] INFO  o.s.i.e.EventDrivenConsumer - [start,159] - started _org.springframework.integration.errorLogger
13:36:54.131 [main] INFO  o.s.a.r.c.CachingConnectionFactory - [createBareConnection,460] - Attempting to connect to: [localhost:5672]
13:36:55.806 [main] INFO  o.s.a.r.c.CachingConnectionFactory - [createBareConnection,496] - Created new connection: rabbitConnectionFactory#50d91a0f:0/SimpleConnection@26be5ee [delegate=amqp://guest@127.0.0.1:5672/, localPort= 63362]
13:36:56.231 [main] INFO  o.s.c.s.m.DirectWithAttributesChannel - [adjustCounterIfNecessary,64] - Channel 'oauth2-admin-1.springCloudBusOutput' has 1 subscriber(s).
13:36:56.324 [main] INFO  o.s.c.n.e.InstanceInfoFactory - [create,72] - Setting initial instance status as: STARTING
13:36:56.582 [main] INFO  c.n.d.DiscoveryClient - [<init>,365] - Initializing Eureka in region us-east-1
13:36:57.317 [main] INFO  c.n.d.p.DiscoveryJerseyProvider - [<init>,70] - Using JSON encoding codec LegacyJacksonJson
13:36:57.322 [main] INFO  c.n.d.p.DiscoveryJerseyProvider - [<init>,71] - Using JSON decoding codec LegacyJacksonJson
13:36:58.089 [main] INFO  c.n.d.p.DiscoveryJerseyProvider - [<init>,80] - Using XML encoding codec XStreamXml
13:36:58.092 [main] INFO  c.n.d.p.DiscoveryJerseyProvider - [<init>,81] - Using XML decoding codec XStreamXml
13:36:59.213 [main] INFO  c.n.d.s.r.a.ConfigClusterResolver - [getClusterEndpoints,43] - Resolving eureka endpoints via configuration
13:36:59.489 [main] INFO  c.n.d.DiscoveryClient - [fetchRegistry,976] - Disable delta property : false
13:36:59.490 [main] INFO  c.n.d.DiscoveryClient - [fetchRegistry,977] - Single vip registry refresh property : null
13:36:59.494 [main] INFO  c.n.d.DiscoveryClient - [fetchRegistry,978] - Force full registry fetch : false
13:36:59.495 [main] INFO  c.n.d.DiscoveryClient - [fetchRegistry,979] - Application is null : false
13:36:59.498 [main] INFO  c.n.d.DiscoveryClient - [fetchRegistry,980] - Registered Applications size is zero : true
13:36:59.499 [main] INFO  c.n.d.DiscoveryClient - [fetchRegistry,982] - Application version is -1: true
13:36:59.503 [main] INFO  c.n.d.DiscoveryClient - [getAndStoreFullRegistry,1065] - Getting all instance registry info from the eureka server
13:37:00.708 [main] INFO  c.n.d.DiscoveryClient - [getAndStoreFullRegistry,1074] - The response status is 200
13:37:00.725 [main] INFO  c.n.d.DiscoveryClient - [initScheduledTasks,1288] - Starting heartbeat executor: renew interval is: 30
13:37:00.737 [main] INFO  c.n.d.InstanceInfoReplicator - [<init>,60] - InstanceInfoReplicator onDemand update allowed rate per min is 4
13:37:00.764 [main] INFO  c.n.d.DiscoveryClient - [<init>,465] - Discovery Client initialized at timestamp 1590989820757 with initial instances count: 3
13:37:00.785 [main] INFO  o.s.c.n.e.s.EurekaServiceRegistry - [register,41] - Registering application OAUTH2-ADMIN with eureka with status UP
13:37:00.787 [main] INFO  c.n.d.DiscoveryClient - [notify,1323] - Saw local status change event StatusChangeEvent [timestamp=1590989820787, current=UP, previous=STARTING]
13:37:00.801 [DiscoveryClient-InstanceInfoReplicator-0] INFO  c.n.d.DiscoveryClient - [register,844] - DiscoveryClient_OAUTH2-ADMIN/oauth2-admin: registering service...
13:37:00.951 [main] INFO  o.s.c.s.b.r.p.RabbitExchangeQueueProvisioner - [doProvisionConsumerDestination,168] - declaring queue for inbound: springCloudBus.anonymous.WVkrqW_CSsSOUNMZrsDXDw, bound to: springCloudBus
13:37:01.007 [DiscoveryClient-InstanceInfoReplicator-0] INFO  c.n.d.DiscoveryClient - [register,853] - DiscoveryClient_OAUTH2-ADMIN/oauth2-admin - registration status: 204
13:37:01.234 [main] INFO  o.s.i.m.IntegrationMBeanExporter - [registerChannel,767] - Registering MessageChannel springCloudBus.anonymous.WVkrqW_CSsSOUNMZrsDXDw.errors
13:37:01.980 [main] INFO  o.s.c.s.b.BinderErrorChannel - [adjustCounterIfNecessary,64] - Channel 'oauth2-admin-1.springCloudBus.anonymous.WVkrqW_CSsSOUNMZrsDXDw.errors' has 1 subscriber(s).
13:37:01.993 [main] INFO  o.s.c.s.b.BinderErrorChannel - [adjustCounterIfNecessary,64] - Channel 'oauth2-admin-1.springCloudBus.anonymous.WVkrqW_CSsSOUNMZrsDXDw.errors' has 2 subscriber(s).
13:37:02.293 [main] INFO  o.s.i.a.i.AmqpInboundChannelAdapter - [start,159] - started inbound.springCloudBus.anonymous.WVkrqW_CSsSOUNMZrsDXDw
13:37:02.450 [main] INFO  o.a.c.h.Http11NioProtocol - [log,173] - Starting ProtocolHandler ["http-nio-8500"]
13:37:02.743 [main] INFO  o.s.b.w.e.t.TomcatWebServer - [start,202] - Tomcat started on port(s): 8500 (http) with context path ''
13:37:02.747 [main] INFO  o.s.c.n.e.s.EurekaAutoServiceRegistration - [onApplicationEvent,145] - Updating port to 8500
13:37:02.753 [main] INFO  c.a.o.u.a.UaaAdminApplication - [logStarted,59] - Started UaaAdminApplication in 91.077 seconds (JVM running for 95.698)
13:37:46.984 [http-nio-8500-exec-3] INFO  o.a.c.c.C.[.[.[/] - [log,173] - Initializing Spring DispatcherServlet 'dispatcherServlet'
13:37:46.987 [http-nio-8500-exec-3] INFO  o.s.w.s.DispatcherServlet - [initServletBean,524] - Initializing Servlet 'dispatcherServlet'
13:37:47.048 [http-nio-8500-exec-3] INFO  o.s.w.s.DispatcherServlet - [initServletBean,546] - Completed initialization in 57 ms
13:37:49.173 [http-nio-8500-exec-3] INFO  c.n.c.ChainedDynamicProperty - [checkAndFlip,115] - Flipping property: oauth2-server.ribbon.ActiveConnectionsLimit to use NEXT property: niws.loadbalancer.availabilityFilteringRule.activeConnectionsLimit = 2147483647
13:37:49.265 [http-nio-8500-exec-3] INFO  c.n.u.c.ShutdownEnabledTimer - [<init>,58] - Shutdown hook installed for: NFLoadBalancer-PingTimer-oauth2-server
13:37:49.268 [http-nio-8500-exec-3] INFO  c.n.l.BaseLoadBalancer - [initWithConfig,197] - Client: oauth2-server instantiated a LoadBalancer: DynamicServerListLoadBalancer:{NFLoadBalancer:name=oauth2-server,current list of Servers=[],Load balancer stats=Zone stats: {},Server stats: []}ServerList:null
13:37:49.320 [http-nio-8500-exec-3] INFO  c.n.l.DynamicServerListLoadBalancer - [enableAndInitLearnNewServersFeature,222] - Using serverListUpdater PollingServerListUpdater
13:37:49.542 [http-nio-8500-exec-3] INFO  c.n.c.ChainedDynamicProperty - [checkAndFlip,115] - Flipping property: oauth2-server.ribbon.ActiveConnectionsLimit to use NEXT property: niws.loadbalancer.availabilityFilteringRule.activeConnectionsLimit = 2147483647
13:37:49.556 [http-nio-8500-exec-3] INFO  c.n.l.DynamicServerListLoadBalancer - [restOfInit,150] - DynamicServerListLoadBalancer for client oauth2-server initialized: DynamicServerListLoadBalancer:{NFLoadBalancer:name=oauth2-server,current list of Servers=[vWHPC80DMZ0016.ECMMS.FOXCONN:8700],Load balancer stats=Zone stats: {defaultzone=[Zone:defaultzone;	Instance count:1;	Active connections count: 0;	Circuit breaker tripped count: 0;	Active connections per server: 0.0;]
},Server stats: [[Server:vWHPC80DMZ0016.ECMMS.FOXCONN:8700;	Zone:defaultZone;	Total Requests:0;	Successive connection failure:0;	Total blackout seconds:0;	Last connection made:Thu Jan 01 08:00:00 CST 1970;	First connection made: Thu Jan 01 08:00:00 CST 1970;	Active Connections:0;	total failure count in last (1000) msecs:0;	average resp time:0.0;	90 percentile resp time:0.0;	95 percentile resp time:0.0;	min resp time:0.0;	max resp time:0.0;	stddev resp time:0.0]
]}ServerList:org.springframework.cloud.netflix.ribbon.eureka.DomainExtractingServerList@68c24dc8
13:37:50.331 [PollingServerListUpdater-0] INFO  c.n.c.ChainedDynamicProperty - [checkAndFlip,115] - Flipping property: oauth2-server.ribbon.ActiveConnectionsLimit to use NEXT property: niws.loadbalancer.availabilityFilteringRule.activeConnectionsLimit = 2147483647
13:40:16.601 [http-nio-8500-exec-2] INFO  c.a.o.u.a.s.UserDetailsServiceImpl - [loadUserByUsername,43] -  admin !
13:40:56.867 [http-nio-8500-exec-6] INFO  c.a.o.u.a.s.UserDetailsServiceImpl - [loadUserByUsername,43] -  admin !
13:41:59.569 [AsyncResolver-bootstrap-executor-0] INFO  c.n.d.s.r.a.ConfigClusterResolver - [getClusterEndpoints,43] - Resolving eureka endpoints via configuration
13:45:59.264 [http-nio-8500-exec-8] INFO  c.a.o.u.a.s.UserDetailsServiceImpl - [loadUserByUsername,43] -  admin !
13:46:13.508 [http-nio-8500-exec-9] INFO  c.a.o.u.a.s.UserDetailsServiceImpl - [loadUserByUsername,43] -  admin !
13:46:59.632 [AsyncResolver-bootstrap-executor-0] INFO  c.n.d.s.r.a.ConfigClusterResolver - [getClusterEndpoints,43] - Resolving eureka endpoints via configuration
13:51:59.695 [AsyncResolver-bootstrap-executor-0] INFO  c.n.d.s.r.a.ConfigClusterResolver - [getClusterEndpoints,43] - Resolving eureka endpoints via configuration
13:55:42.783 [http-nio-8500-exec-2] INFO  c.a.o.u.a.s.UserDetailsServiceImpl - [loadUserByUsername,43] -  admin !
13:56:59.758 [AsyncResolver-bootstrap-executor-0] INFO  c.n.d.s.r.a.ConfigClusterResolver - [getClusterEndpoints,43] - Resolving eureka endpoints via configuration
14:01:59.822 [AsyncResolver-bootstrap-executor-0] INFO  c.n.d.s.r.a.ConfigClusterResolver - [getClusterEndpoints,43] - Resolving eureka endpoints via configuration
14:06:59.885 [AsyncResolver-bootstrap-executor-0] INFO  c.n.d.s.r.a.ConfigClusterResolver - [getClusterEndpoints,43] - Resolving eureka endpoints via configuration
14:11:59.948 [AsyncResolver-bootstrap-executor-0] INFO  c.n.d.s.r.a.ConfigClusterResolver - [getClusterEndpoints,43] - Resolving eureka endpoints via configuration
14:17:00.012 [AsyncResolver-bootstrap-executor-0] INFO  c.n.d.s.r.a.ConfigClusterResolver - [getClusterEndpoints,43] - Resolving eureka endpoints via configuration
14:22:00.075 [AsyncResolver-bootstrap-executor-0] INFO  c.n.d.s.r.a.ConfigClusterResolver - [getClusterEndpoints,43] - Resolving eureka endpoints via configuration
14:27:00.138 [AsyncResolver-bootstrap-executor-0] INFO  c.n.d.s.r.a.ConfigClusterResolver - [getClusterEndpoints,43] - Resolving eureka endpoints via configuration
14:32:00.202 [AsyncResolver-bootstrap-executor-0] INFO  c.n.d.s.r.a.ConfigClusterResolver - [getClusterEndpoints,43] - Resolving eureka endpoints via configuration
14:37:00.267 [AsyncResolver-bootstrap-executor-0] INFO  c.n.d.s.r.a.ConfigClusterResolver - [getClusterEndpoints,43] - Resolving eureka endpoints via configuration
14:42:00.329 [AsyncResolver-bootstrap-executor-0] INFO  c.n.d.s.r.a.ConfigClusterResolver - [getClusterEndpoints,43] - Resolving eureka endpoints via configuration
14:47:00.393 [AsyncResolver-bootstrap-executor-0] INFO  c.n.d.s.r.a.ConfigClusterResolver - [getClusterEndpoints,43] - Resolving eureka endpoints via configuration
14:52:00.457 [AsyncResolver-bootstrap-executor-0] INFO  c.n.d.s.r.a.ConfigClusterResolver - [getClusterEndpoints,43] - Resolving eureka endpoints via configuration
14:57:00.522 [AsyncResolver-bootstrap-executor-0] INFO  c.n.d.s.r.a.ConfigClusterResolver - [getClusterEndpoints,43] - Resolving eureka endpoints via configuration
15:02:00.585 [AsyncResolver-bootstrap-executor-0] INFO  c.n.d.s.r.a.ConfigClusterResolver - [getClusterEndpoints,43] - Resolving eureka endpoints via configuration
15:04:20.427 [http-nio-8500-exec-5] INFO  i.l.c.EpollProvider - [<clinit>,68] - Starting without optional epoll library
15:04:20.533 [http-nio-8500-exec-5] INFO  i.l.c.KqueueProvider - [<clinit>,70] - Starting without optional kqueue library
15:07:00.653 [AsyncResolver-bootstrap-executor-0] INFO  c.n.d.s.r.a.ConfigClusterResolver - [getClusterEndpoints,43] - Resolving eureka endpoints via configuration
15:12:00.716 [AsyncResolver-bootstrap-executor-0] INFO  c.n.d.s.r.a.ConfigClusterResolver - [getClusterEndpoints,43] - Resolving eureka endpoints via configuration
15:17:00.782 [AsyncResolver-bootstrap-executor-0] INFO  c.n.d.s.r.a.ConfigClusterResolver - [getClusterEndpoints,43] - Resolving eureka endpoints via configuration
15:22:00.847 [AsyncResolver-bootstrap-executor-0] INFO  c.n.d.s.r.a.ConfigClusterResolver - [getClusterEndpoints,43] - Resolving eureka endpoints via configuration
15:27:00.910 [AsyncResolver-bootstrap-executor-0] INFO  c.n.d.s.r.a.ConfigClusterResolver - [getClusterEndpoints,43] - Resolving eureka endpoints via configuration
15:32:00.973 [AsyncResolver-bootstrap-executor-0] INFO  c.n.d.s.r.a.ConfigClusterResolver - [getClusterEndpoints,43] - Resolving eureka endpoints via configuration
15:37:01.036 [AsyncResolver-bootstrap-executor-0] INFO  c.n.d.s.r.a.ConfigClusterResolver - [getClusterEndpoints,43] - Resolving eureka endpoints via configuration
15:42:01.099 [AsyncResolver-bootstrap-executor-0] INFO  c.n.d.s.r.a.ConfigClusterResolver - [getClusterEndpoints,43] - Resolving eureka endpoints via configuration
15:47:01.164 [AsyncResolver-bootstrap-executor-0] INFO  c.n.d.s.r.a.ConfigClusterResolver - [getClusterEndpoints,43] - Resolving eureka endpoints via configuration
15:52:01.231 [AsyncResolver-bootstrap-executor-0] INFO  c.n.d.s.r.a.ConfigClusterResolver - [getClusterEndpoints,43] - Resolving eureka endpoints via configuration
15:57:01.295 [AsyncResolver-bootstrap-executor-0] INFO  c.n.d.s.r.a.ConfigClusterResolver - [getClusterEndpoints,43] - Resolving eureka endpoints via configuration
16:02:01.358 [AsyncResolver-bootstrap-executor-0] INFO  c.n.d.s.r.a.ConfigClusterResolver - [getClusterEndpoints,43] - Resolving eureka endpoints via configuration
16:07:01.421 [AsyncResolver-bootstrap-executor-0] INFO  c.n.d.s.r.a.ConfigClusterResolver - [getClusterEndpoints,43] - Resolving eureka endpoints via configuration
16:12:01.485 [AsyncResolver-bootstrap-executor-0] INFO  c.n.d.s.r.a.ConfigClusterResolver - [getClusterEndpoints,43] - Resolving eureka endpoints via configuration
16:17:26.877 [AsyncResolver-bootstrap-executor-0] INFO  c.n.d.s.r.a.ConfigClusterResolver - [getClusterEndpoints,43] - Resolving eureka endpoints via configuration
16:22:47.331 [AsyncResolver-bootstrap-executor-0] INFO  c.n.d.s.r.a.ConfigClusterResolver - [getClusterEndpoints,43] - Resolving eureka endpoints via configuration
16:27:54.706 [AsyncResolver-bootstrap-executor-0] INFO  c.n.d.s.r.a.ConfigClusterResolver - [getClusterEndpoints,43] - Resolving eureka endpoints via configuration
16:32:57.475 [AsyncResolver-bootstrap-executor-0] INFO  c.n.d.s.r.a.ConfigClusterResolver - [getClusterEndpoints,43] - Resolving eureka endpoints via configuration
16:37:59.206 [AsyncResolver-bootstrap-executor-0] INFO  c.n.d.s.r.a.ConfigClusterResolver - [getClusterEndpoints,43] - Resolving eureka endpoints via configuration
16:42:59.924 [AsyncResolver-bootstrap-executor-0] INFO  c.n.d.s.r.a.ConfigClusterResolver - [getClusterEndpoints,43] - Resolving eureka endpoints via configuration
16:48:00.275 [AsyncResolver-bootstrap-executor-0] INFO  c.n.d.s.r.a.ConfigClusterResolver - [getClusterEndpoints,43] - Resolving eureka endpoints via configuration
16:53:01.533 [AsyncResolver-bootstrap-executor-0] INFO  c.n.d.s.r.a.ConfigClusterResolver - [getClusterEndpoints,43] - Resolving eureka endpoints via configuration
16:58:02.323 [AsyncResolver-bootstrap-executor-0] INFO  c.n.d.s.r.a.ConfigClusterResolver - [getClusterEndpoints,43] - Resolving eureka endpoints via configuration
17:03:02.790 [AsyncResolver-bootstrap-executor-0] INFO  c.n.d.s.r.a.ConfigClusterResolver - [getClusterEndpoints,43] - Resolving eureka endpoints via configuration
17:08:03.663 [AsyncResolver-bootstrap-executor-0] INFO  c.n.d.s.r.a.ConfigClusterResolver - [getClusterEndpoints,43] - Resolving eureka endpoints via configuration
17:13:04.967 [AsyncResolver-bootstrap-executor-0] INFO  c.n.d.s.r.a.ConfigClusterResolver - [getClusterEndpoints,43] - Resolving eureka endpoints via configuration
17:18:05.701 [AsyncResolver-bootstrap-executor-0] INFO  c.n.d.s.r.a.ConfigClusterResolver - [getClusterEndpoints,43] - Resolving eureka endpoints via configuration
17:23:06.266 [AsyncResolver-bootstrap-executor-0] INFO  c.n.d.s.r.a.ConfigClusterResolver - [getClusterEndpoints,43] - Resolving eureka endpoints via configuration
17:28:07.774 [AsyncResolver-bootstrap-executor-0] INFO  c.n.d.s.r.a.ConfigClusterResolver - [getClusterEndpoints,43] - Resolving eureka endpoints via configuration
17:33:08.639 [AsyncResolver-bootstrap-executor-0] INFO  c.n.d.s.r.a.ConfigClusterResolver - [getClusterEndpoints,43] - Resolving eureka endpoints via configuration
17:33:52.977 [main] INFO  o.s.c.s.PostProcessorRegistrationDelegate$BeanPostProcessorChecker - [postProcessAfterInitialization,330] - Bean 'org.springframework.cloud.autoconfigure.ConfigurationPropertiesRebinderAutoConfiguration' of type [org.springframework.cloud.autoconfigure.ConfigurationPropertiesRebinderAutoConfiguration$$EnhancerBySpringCGLIB$$c224d153] is not eligible for getting processed by all BeanPostProcessors (for example: not eligible for auto-proxying)
17:33:53.754 [main] INFO  c.a.o.u.a.UaaAdminApplication - [logStartupProfileInfo,646] - No active profile set, falling back to default profiles: default
17:34:03.355 [main] INFO  o.s.d.r.c.RepositoryConfigurationDelegate - [multipleStoresDetected,244] - Multiple Spring Data modules found, entering strict repository configuration mode!
17:34:03.417 [main] INFO  o.s.d.r.c.RepositoryConfigurationDelegate - [registerRepositoriesIn,126] - Bootstrapping Spring Data repositories in DEFAULT mode.
17:34:03.803 [main] INFO  o.s.d.r.c.RepositoryConfigurationDelegate - [registerRepositoriesIn,182] - Finished Spring Data repository scanning in 150ms. Found 0 repository interfaces.
17:34:07.816 [main] INFO  o.s.c.c.s.GenericScope - [setSerializationId,295] - BeanFactory id=5e9ebb9d-818b-3b2b-9814-557e407cdd72
17:34:08.044 [main] INFO  o.s.i.c.DefaultConfiguringBeanFactoryPostProcessor - [registerErrorChannel,193] - No bean named 'errorChannel' has been explicitly defined. Therefore, a default PublishSubscribeChannel will be created.
17:34:08.174 [main] INFO  o.s.i.c.DefaultConfiguringBeanFactoryPostProcessor - [registerTaskScheduler,280] - No bean named 'taskScheduler' has been explicitly defined. Therefore, a default ThreadPoolTaskScheduler will be created.
17:34:08.328 [main] INFO  o.s.i.c.DefaultConfiguringBeanFactoryPostProcessor - [registerHeaderChannelRegistry,431] - No bean named 'integrationHeaderChannelRegistry' has been explicitly defined. Therefore, a default DefaultHeaderChannelRegistry will be created.
17:34:11.915 [main] INFO  o.s.c.s.PostProcessorRegistrationDelegate$BeanPostProcessorChecker - [postProcessAfterInitialization,330] - Bean 'org.springframework.transaction.annotation.ProxyTransactionManagementConfiguration' of type [org.springframework.transaction.annotation.ProxyTransactionManagementConfiguration$$EnhancerBySpringCGLIB$$a60ace56] is not eligible for getting processed by all BeanPostProcessors (for example: not eligible for auto-proxying)
17:34:12.583 [main] INFO  o.s.c.s.PostProcessorRegistrationDelegate$BeanPostProcessorChecker - [postProcessAfterInitialization,330] - Bean 'integrationDisposableAutoCreatedBeans' of type [org.springframework.integration.config.annotation.Disposables] is not eligible for getting processed by all BeanPostProcessors (for example: not eligible for auto-proxying)
17:34:13.008 [main] INFO  o.s.c.s.PostProcessorRegistrationDelegate$BeanPostProcessorChecker - [postProcessAfterInitialization,330] - Bean 'org.springframework.integration.config.IntegrationManagementConfiguration' of type [org.springframework.integration.config.IntegrationManagementConfiguration$$EnhancerBySpringCGLIB$$10fc8985] is not eligible for getting processed by all BeanPostProcessors (for example: not eligible for auto-proxying)
17:34:13.146 [main] INFO  o.s.c.s.PostProcessorRegistrationDelegate$BeanPostProcessorChecker - [postProcessAfterInitialization,330] - Bean 'org.springframework.boot.autoconfigure.integration.IntegrationAutoConfiguration$IntegrationJmxConfiguration' of type [org.springframework.boot.autoconfigure.integration.IntegrationAutoConfiguration$IntegrationJmxConfiguration$$EnhancerBySpringCGLIB$$ec8e94a5] is not eligible for getting processed by all BeanPostProcessors (for example: not eligible for auto-proxying)
17:34:13.303 [main] INFO  o.s.c.s.PostProcessorRegistrationDelegate$BeanPostProcessorChecker - [postProcessAfterInitialization,330] - Bean 'org.springframework.boot.autoconfigure.jmx.JmxAutoConfiguration' of type [org.springframework.boot.autoconfigure.jmx.JmxAutoConfiguration$$EnhancerBySpringCGLIB$$25763d72] is not eligible for getting processed by all BeanPostProcessors (for example: not eligible for auto-proxying)
17:34:13.377 [main] INFO  o.s.c.s.PostProcessorRegistrationDelegate$BeanPostProcessorChecker - [postProcessAfterInitialization,330] - Bean 'mbeanServer' of type [com.sun.jmx.mbeanserver.JmxMBeanServer] is not eligible for getting processed by all BeanPostProcessors (for example: not eligible for auto-proxying)
17:34:13.638 [main] INFO  o.s.c.s.PostProcessorRegistrationDelegate$BeanPostProcessorChecker - [postProcessAfterInitialization,330] - Bean 'org.springframework.cloud.autoconfigure.ConfigurationPropertiesRebinderAutoConfiguration' of type [org.springframework.cloud.autoconfigure.ConfigurationPropertiesRebinderAutoConfiguration$$EnhancerBySpringCGLIB$$c224d153] is not eligible for getting processed by all BeanPostProcessors (for example: not eligible for auto-proxying)
17:34:17.688 [main] INFO  o.s.b.w.e.t.TomcatWebServer - [initialize,90] - Tomcat initialized with port(s): 8500 (http)
17:34:17.818 [main] INFO  o.a.c.h.Http11NioProtocol - [log,173] - Initializing ProtocolHandler ["http-nio-8500"]
17:34:17.860 [main] INFO  o.a.c.c.StandardService - [log,173] - Starting service [Tomcat]
17:34:17.864 [main] INFO  o.a.c.c.StandardEngine - [log,173] - Starting Servlet engine: [Apache Tomcat/9.0.21]
17:34:18.944 [main] INFO  o.a.c.c.C.[.[.[/] - [log,173] - Initializing Spring embedded WebApplicationContext
17:34:18.948 [main] INFO  o.s.w.c.ContextLoader - [prepareWebApplicationContext,283] - Root WebApplicationContext: initialization completed in 25110 ms
17:34:19.791 [main] INFO  c.n.c.s.URLConfigurationSource - [<init>,122] - To enable URLs as dynamic configuration sources, define System property archaius.configurationSource.additionalUrls or make config.properties available on classpath.
17:34:19.912 [main] INFO  c.n.c.DynamicPropertyFactory - [getInstance,281] - DynamicPropertyFactory is initialized with configuration sources: com.netflix.config.ConcurrentCompositeConfiguration@1e4c4fda
17:34:30.594 [main] INFO  c.a.d.s.b.a.DruidDataSourceAutoConfigure - [dataSource,56] - Init DruidDataSource
17:34:33.124 [main] INFO  c.a.d.p.DruidDataSource - [init,991] - {dataSource-1} inited
17:34:36.310 [main] INFO  o.s.s.c.ThreadPoolTaskScheduler - [initialize,171] - Initializing ExecutorService 'taskScheduler'
17:34:41.458 [main] INFO  c.a.c.o.a.FeignAutoConfiguration - [feignFormEncoder,30] - FeignSpringFormEncoder [com.alps.common.oauth2.autoconfig.FeignSpringFormEncoder@5da16ed6]
17:34:41.537 [main] INFO  c.a.c.o.a.FeignAutoConfiguration - [feignRequestInterceptor,38] - FeignRequestInterceptor [com.alps.common.oauth2.feign.FeignRequestInterceptor@216c6825]
17:34:44.070 [main] INFO  c.n.c.s.URLConfigurationSource - [<init>,122] - To enable URLs as dynamic configuration sources, define System property archaius.configurationSource.additionalUrls or make config.properties available on classpath.
17:34:45.799 [main] INFO  o.s.s.c.ThreadPoolTaskExecutor - [initialize,171] - Initializing ExecutorService 'applicationTaskExecutor'
17:34:46.979 [main] INFO  c.a.c.o.a.AutoConfiguration - [paginationInterceptor,48] - PaginationInterceptor [AbstractSqlParserHandler(sqlParserList=null, sqlParserFilter=null)]
17:34:47.056 [main] INFO  c.a.c.o.a.AutoConfiguration - [springContextHolder,75] - SpringContextHolder [com.alps.common.oauth2.utils.SpringContextHolder@249fa2cb]
17:34:47.076 [main] INFO  c.a.c.o.a.AutoConfiguration - [exceptionHandler,88] - AlpsGlobalExceptionHandler [com.alps.common.oauth2.exception.AlpsGlobalExceptionHandler@4c6ebaf2]
17:34:47.115 [main] INFO  c.a.c.o.a.AutoConfiguration - [snowflakeIdWorker,102] - SnowflakeIdGenerator [com.alps.common.oauth2.constants.SnowflakeIdGenerator@7be2f512]
17:34:47.142 [main] INFO  c.a.c.o.a.AutoConfiguration - [resourceAnnotationScan,116] - RequestMappingScan [com.alps.common.oauth2.constants.RequestMappingScan@19d043a8]
17:34:47.356 [main] INFO  c.a.c.o.a.AutoConfiguration - [alpsRestTemplate,132] - AlpsRestTemplate [com.alps.common.oauth2.constants.AlpsRestTemplate@1bad5ab3]
17:34:47.417 [main] INFO  c.a.c.o.a.AutoConfiguration - [restTemplate,141] - RestTemplate [org.springframework.web.client.RestTemplate@1be15455]
17:34:47.483 [main] INFO  c.a.c.o.a.MqAutoConfiguration - [apiResourceQueue,26] - Query cloud.scan.api.resource [Queue [name=cloud.scan.api.resource, durable=true, autoDelete=false, exclusive=false, arguments={}, actualName=cloud.scan.api.resource]]
17:34:47.507 [main] INFO  c.a.c.o.a.MqAutoConfiguration - [accessLogsQueue,33] - Query cloud.access.logs [Queue [name=cloud.access.logs, durable=true, autoDelete=false, exclusive=false, arguments={}, actualName=cloud.access.logs]]
17:34:53.732 [main] INFO  o.s.s.w.DefaultSecurityFilterChain - [<init>,43] - Creating filter chain: Ant [pattern='/error'], []
17:34:53.737 [main] INFO  o.s.s.w.DefaultSecurityFilterChain - [<init>,43] - Creating filter chain: Ant [pattern='/login2'], []
17:34:53.738 [main] INFO  o.s.s.w.DefaultSecurityFilterChain - [<init>,43] - Creating filter chain: Ant [pattern='/static/**'], []
17:34:53.739 [main] INFO  o.s.s.w.DefaultSecurityFilterChain - [<init>,43] - Creating filter chain: Ant [pattern='/v2/api-docs/**'], []
17:34:53.740 [main] INFO  o.s.s.w.DefaultSecurityFilterChain - [<init>,43] - Creating filter chain: Ant [pattern='/swagger-resources/**'], []
17:34:53.744 [main] INFO  o.s.s.w.DefaultSecurityFilterChain - [<init>,43] - Creating filter chain: Ant [pattern='/webjars/**'], []
17:34:53.745 [main] INFO  o.s.s.w.DefaultSecurityFilterChain - [<init>,43] - Creating filter chain: Ant [pattern='/favicon.png/'], []
17:34:53.747 [main] INFO  o.s.s.w.DefaultSecurityFilterChain - [<init>,43] - Creating filter chain: Ant [pattern='/favicon.ico'], []
17:34:53.980 [main] INFO  o.s.s.w.DefaultSecurityFilterChain - [<init>,43] - Creating filter chain: OrRequestMatcher [requestMatchers=[Ant [pattern='/oauth/token'], Ant [pattern='/oauth/token_key'], Ant [pattern='/oauth/check_token']]], [org.springframework.security.web.context.request.async.WebAsyncManagerIntegrationFilter@33ef701e, org.springframework.security.web.context.SecurityContextPersistenceFilter@3c739a9b, org.springframework.security.web.header.HeaderWriterFilter@4fbbfea6, org.springframework.security.web.authentication.logout.LogoutFilter@7f6b3f4c, org.springframework.security.oauth2.provider.client.ClientCredentialsTokenEndpointFilter@6d5376b7, org.springframework.security.web.authentication.www.BasicAuthenticationFilter@4ec25389, org.springframework.security.web.savedrequest.RequestCacheAwareFilter@37c1e2a4, org.springframework.security.web.servletapi.SecurityContextHolderAwareRequestFilter@1f9009d3, org.springframework.security.web.authentication.AnonymousAuthenticationFilter@1fd1deed, org.springframework.security.web.session.SessionManagementFilter@64236be, org.springframework.security.web.access.ExceptionTranslationFilter@19c28c97, org.springframework.security.web.access.intercept.FilterSecurityInterceptor@7432cb37]
17:34:54.048 [main] INFO  o.s.s.w.DefaultSecurityFilterChain - [<init>,43] - Creating filter chain: org.springframework.security.oauth2.config.annotation.web.configuration.ResourceServerConfiguration$NotOAuthRequestMatcher@7fbe0f64, [org.springframework.security.web.context.request.async.WebAsyncManagerIntegrationFilter@d0971cd, org.springframework.security.web.context.SecurityContextPersistenceFilter@76e56b17, org.springframework.security.web.header.HeaderWriterFilter@46244e65, org.springframework.web.filter.CharacterEncodingFilter@53b42a0d, org.springframework.security.web.authentication.logout.LogoutFilter@491afa9b, org.springframework.security.oauth2.provider.authentication.OAuth2AuthenticationProcessingFilter@4bb4adf7, org.springframework.security.web.authentication.UsernamePasswordAuthenticationFilter@26c84006, org.springframework.security.web.savedrequest.RequestCacheAwareFilter@31ee5a9, org.springframework.security.web.servletapi.SecurityContextHolderAwareRequestFilter@67add4c9, org.springframework.security.web.authentication.AnonymousAuthenticationFilter@cf6a6eb, org.springframework.security.web.session.SessionManagementFilter@20c1cb0c, org.springframework.security.web.access.ExceptionTranslationFilter@3ef97efc, org.springframework.security.web.access.intercept.FilterSecurityInterceptor@286f8e90]
17:34:54.069 [main] INFO  o.s.s.w.DefaultSecurityFilterChain - [<init>,43] - Creating filter chain: any request, [org.springframework.security.web.context.request.async.WebAsyncManagerIntegrationFilter@6e863469, org.springframework.security.web.context.SecurityContextPersistenceFilter@142f0ac1, org.springframework.security.web.header.HeaderWriterFilter@27acd9a7, org.springframework.security.web.csrf.CsrfFilter@27828021, org.springframework.security.web.authentication.logout.LogoutFilter@61236349, org.springframework.security.web.authentication.UsernamePasswordAuthenticationFilter@271df4c0, org.springframework.security.web.authentication.ui.DefaultLoginPageGeneratingFilter@f4a21cb, org.springframework.security.web.authentication.ui.DefaultLogoutPageGeneratingFilter@6a9e88f1, org.springframework.security.web.authentication.www.BasicAuthenticationFilter@86e7c7a, org.springframework.security.web.savedrequest.RequestCacheAwareFilter@1847da64, org.springframework.security.web.servletapi.SecurityContextHolderAwareRequestFilter@5967492a, org.springframework.security.web.authentication.AnonymousAuthenticationFilter@22edca96, org.springframework.security.web.session.SessionManagementFilter@3f7d20c5, org.springframework.security.web.access.ExceptionTranslationFilter@28d48616, org.springframework.security.web.access.intercept.FilterSecurityInterceptor@38379575]
17:34:54.083 [main] INFO  o.s.s.w.DefaultSecurityFilterChain - [<init>,43] - Creating filter chain: any request, [org.springframework.security.web.context.request.async.WebAsyncManagerIntegrationFilter@30c0993e, org.springframework.security.web.context.SecurityContextPersistenceFilter@548d9d87, org.springframework.security.web.header.HeaderWriterFilter@1e0383d3, org.springframework.security.web.csrf.CsrfFilter@5b20024b, org.springframework.security.web.authentication.logout.LogoutFilter@1f81b020, org.springframework.security.web.authentication.UsernamePasswordAuthenticationFilter@f1f41b5, org.springframework.security.web.authentication.ui.DefaultLoginPageGeneratingFilter@275860e9, org.springframework.security.web.authentication.ui.DefaultLogoutPageGeneratingFilter@12de62aa, org.springframework.security.web.authentication.www.BasicAuthenticationFilter@154ea177, org.springframework.security.web.savedrequest.RequestCacheAwareFilter@da8853c, org.springframework.security.web.servletapi.SecurityContextHolderAwareRequestFilter@fb79241, org.springframework.security.web.authentication.AnonymousAuthenticationFilter@67398bad, org.springframework.security.web.session.SessionManagementFilter@f64f47a, org.springframework.security.web.access.ExceptionTranslationFilter@2f8ede54, org.springframework.security.web.access.intercept.FilterSecurityInterceptor@13f6395d]
17:34:56.456 [main] INFO  o.s.b.a.e.w.EndpointLinksResolver - [<init>,58] - Exposing 24 endpoint(s) beneath base path '/actuator'
17:34:59.949 [main] INFO  o.s.c.s.m.DirectWithAttributesChannel - [adjustCounterIfNecessary,64] - Channel 'oauth2-admin-1.springCloudBusInput' has 1 subscriber(s).
17:35:00.867 [main] INFO  o.s.i.m.IntegrationMBeanExporter - [registerChannel,767] - Registering MessageChannel springCloudBusInput
17:35:01.355 [main] INFO  o.s.i.m.IntegrationMBeanExporter - [registerChannel,767] - Registering MessageChannel springCloudBusOutput
17:35:01.370 [main] INFO  o.s.i.m.IntegrationMBeanExporter - [registerChannel,767] - Registering MessageChannel nullChannel
17:35:01.439 [main] INFO  o.s.i.m.IntegrationMBeanExporter - [registerChannel,767] - Registering MessageChannel errorChannel
17:35:01.670 [main] INFO  o.s.i.m.IntegrationMBeanExporter - [registerHandler,785] - Registering MessageHandler errorLogger
17:35:01.762 [main] INFO  o.s.i.m.IntegrationMBeanExporter - [registerHandler,785] - Registering MessageHandler org.springframework.cloud.stream.binding.StreamListenerMessageHandler@2e5d40a4
17:35:02.194 [main] INFO  o.s.i.e.EventDrivenConsumer - [logComponentSubscriptionEvent,107] - Adding {logging-channel-adapter:_org.springframework.integration.errorLogger} as a subscriber to the 'errorChannel' channel
17:35:02.198 [main] INFO  o.s.i.c.PublishSubscribeChannel - [adjustCounterIfNecessary,64] - Channel 'oauth2-admin-1.errorChannel' has 1 subscriber(s).
17:35:02.200 [main] INFO  o.s.i.e.EventDrivenConsumer - [start,159] - started _org.springframework.integration.errorLogger
17:35:04.207 [main] INFO  o.s.a.r.c.CachingConnectionFactory - [createBareConnection,460] - Attempting to connect to: [localhost:5672]
17:35:05.780 [main] INFO  o.s.a.r.c.CachingConnectionFactory - [createBareConnection,496] - Created new connection: rabbitConnectionFactory#38834000:0/SimpleConnection@3ca9e72d [delegate=amqp://guest@127.0.0.1:5672/, localPort= 4452]
17:35:06.259 [main] INFO  o.s.c.s.m.DirectWithAttributesChannel - [adjustCounterIfNecessary,64] - Channel 'oauth2-admin-1.springCloudBusOutput' has 1 subscriber(s).
17:35:06.338 [main] INFO  o.s.c.n.e.InstanceInfoFactory - [create,72] - Setting initial instance status as: STARTING
17:35:06.632 [main] INFO  c.n.d.DiscoveryClient - [<init>,365] - Initializing Eureka in region us-east-1
17:35:07.403 [main] INFO  c.n.d.p.DiscoveryJerseyProvider - [<init>,70] - Using JSON encoding codec LegacyJacksonJson
17:35:07.407 [main] INFO  c.n.d.p.DiscoveryJerseyProvider - [<init>,71] - Using JSON decoding codec LegacyJacksonJson
17:35:08.250 [main] INFO  c.n.d.p.DiscoveryJerseyProvider - [<init>,80] - Using XML encoding codec XStreamXml
17:35:08.255 [main] INFO  c.n.d.p.DiscoveryJerseyProvider - [<init>,81] - Using XML decoding codec XStreamXml
17:35:09.655 [main] INFO  c.n.d.s.r.a.ConfigClusterResolver - [getClusterEndpoints,43] - Resolving eureka endpoints via configuration
17:35:09.998 [main] INFO  c.n.d.DiscoveryClient - [fetchRegistry,976] - Disable delta property : false
17:35:10.001 [main] INFO  c.n.d.DiscoveryClient - [fetchRegistry,977] - Single vip registry refresh property : null
17:35:10.005 [main] INFO  c.n.d.DiscoveryClient - [fetchRegistry,978] - Force full registry fetch : false
17:35:10.007 [main] INFO  c.n.d.DiscoveryClient - [fetchRegistry,979] - Application is null : false
17:35:10.012 [main] INFO  c.n.d.DiscoveryClient - [fetchRegistry,980] - Registered Applications size is zero : true
17:35:10.017 [main] INFO  c.n.d.DiscoveryClient - [fetchRegistry,982] - Application version is -1: true
17:35:10.023 [main] INFO  c.n.d.DiscoveryClient - [getAndStoreFullRegistry,1065] - Getting all instance registry info from the eureka server
17:35:11.290 [main] INFO  c.n.d.DiscoveryClient - [getAndStoreFullRegistry,1074] - The response status is 200
17:35:11.307 [main] INFO  c.n.d.DiscoveryClient - [initScheduledTasks,1288] - Starting heartbeat executor: renew interval is: 30
17:35:11.319 [main] INFO  c.n.d.InstanceInfoReplicator - [<init>,60] - InstanceInfoReplicator onDemand update allowed rate per min is 4
17:35:11.348 [main] INFO  c.n.d.DiscoveryClient - [<init>,465] - Discovery Client initialized at timestamp 1591004111339 with initial instances count: 3
17:35:11.368 [main] INFO  o.s.c.n.e.s.EurekaServiceRegistry - [register,41] - Registering application OAUTH2-ADMIN with eureka with status UP
17:35:11.371 [main] INFO  c.n.d.DiscoveryClient - [notify,1323] - Saw local status change event StatusChangeEvent [timestamp=1591004111371, current=UP, previous=STARTING]
17:35:11.410 [DiscoveryClient-InstanceInfoReplicator-0] INFO  c.n.d.DiscoveryClient - [register,844] - DiscoveryClient_OAUTH2-ADMIN/oauth2-admin: registering service...
17:35:11.531 [main] INFO  o.s.c.s.b.r.p.RabbitExchangeQueueProvisioner - [doProvisionConsumerDestination,168] - declaring queue for inbound: springCloudBus.anonymous.2Jv8ZZfhQpu2uCoWKHe7ZA, bound to: springCloudBus
17:35:11.589 [DiscoveryClient-InstanceInfoReplicator-0] INFO  c.n.d.DiscoveryClient - [register,853] - DiscoveryClient_OAUTH2-ADMIN/oauth2-admin - registration status: 204
17:35:11.901 [main] INFO  o.s.i.m.IntegrationMBeanExporter - [registerChannel,767] - Registering MessageChannel springCloudBus.anonymous.2Jv8ZZfhQpu2uCoWKHe7ZA.errors
17:35:12.764 [main] INFO  o.s.c.s.b.BinderErrorChannel - [adjustCounterIfNecessary,64] - Channel 'oauth2-admin-1.springCloudBus.anonymous.2Jv8ZZfhQpu2uCoWKHe7ZA.errors' has 1 subscriber(s).
17:35:12.777 [main] INFO  o.s.c.s.b.BinderErrorChannel - [adjustCounterIfNecessary,64] - Channel 'oauth2-admin-1.springCloudBus.anonymous.2Jv8ZZfhQpu2uCoWKHe7ZA.errors' has 2 subscriber(s).
17:35:13.145 [main] INFO  o.s.i.a.i.AmqpInboundChannelAdapter - [start,159] - started inbound.springCloudBus.anonymous.2Jv8ZZfhQpu2uCoWKHe7ZA
17:35:13.309 [main] INFO  o.a.c.h.Http11NioProtocol - [log,173] - Starting ProtocolHandler ["http-nio-8500"]
17:35:13.639 [main] INFO  o.s.b.w.e.t.TomcatWebServer - [start,202] - Tomcat started on port(s): 8500 (http) with context path ''
17:35:13.644 [main] INFO  o.s.c.n.e.s.EurekaAutoServiceRegistration - [onApplicationEvent,145] - Updating port to 8500
17:35:13.651 [main] INFO  c.a.o.u.a.UaaAdminApplication - [logStarted,59] - Started UaaAdminApplication in 87.502 seconds (JVM running for 91.407)
17:40:10.641 [AsyncResolver-bootstrap-executor-0] INFO  c.n.d.s.r.a.ConfigClusterResolver - [getClusterEndpoints,43] - Resolving eureka endpoints via configuration
17:45:11.188 [AsyncResolver-bootstrap-executor-0] INFO  c.n.d.s.r.a.ConfigClusterResolver - [getClusterEndpoints,43] - Resolving eureka endpoints via configuration
17:50:11.701 [AsyncResolver-bootstrap-executor-0] INFO  c.n.d.s.r.a.ConfigClusterResolver - [getClusterEndpoints,43] - Resolving eureka endpoints via configuration
17:55:12.216 [AsyncResolver-bootstrap-executor-0] INFO  c.n.d.s.r.a.ConfigClusterResolver - [getClusterEndpoints,43] - Resolving eureka endpoints via configuration
18:00:12.731 [AsyncResolver-bootstrap-executor-0] INFO  c.n.d.s.r.a.ConfigClusterResolver - [getClusterEndpoints,43] - Resolving eureka endpoints via configuration
18:05:13.244 [AsyncResolver-bootstrap-executor-0] INFO  c.n.d.s.r.a.ConfigClusterResolver - [getClusterEndpoints,43] - Resolving eureka endpoints via configuration
18:10:13.758 [AsyncResolver-bootstrap-executor-0] INFO  c.n.d.s.r.a.ConfigClusterResolver - [getClusterEndpoints,43] - Resolving eureka endpoints via configuration
18:15:14.272 [AsyncResolver-bootstrap-executor-0] INFO  c.n.d.s.r.a.ConfigClusterResolver - [getClusterEndpoints,43] - Resolving eureka endpoints via configuration
18:20:14.786 [AsyncResolver-bootstrap-executor-0] INFO  c.n.d.s.r.a.ConfigClusterResolver - [getClusterEndpoints,43] - Resolving eureka endpoints via configuration
18:25:15.300 [AsyncResolver-bootstrap-executor-0] INFO  c.n.d.s.r.a.ConfigClusterResolver - [getClusterEndpoints,43] - Resolving eureka endpoints via configuration
18:30:15.813 [AsyncResolver-bootstrap-executor-0] INFO  c.n.d.s.r.a.ConfigClusterResolver - [getClusterEndpoints,43] - Resolving eureka endpoints via configuration
18:35:15.830 [AsyncResolver-bootstrap-executor-0] INFO  c.n.d.s.r.a.ConfigClusterResolver - [getClusterEndpoints,43] - Resolving eureka endpoints via configuration
18:40:16.020 [AsyncResolver-bootstrap-executor-0] INFO  c.n.d.s.r.a.ConfigClusterResolver - [getClusterEndpoints,43] - Resolving eureka endpoints via configuration
18:45:16.414 [AsyncResolver-bootstrap-executor-0] INFO  c.n.d.s.r.a.ConfigClusterResolver - [getClusterEndpoints,43] - Resolving eureka endpoints via configuration
18:50:16.860 [AsyncResolver-bootstrap-executor-0] INFO  c.n.d.s.r.a.ConfigClusterResolver - [getClusterEndpoints,43] - Resolving eureka endpoints via configuration
18:55:17.337 [AsyncResolver-bootstrap-executor-0] INFO  c.n.d.s.r.a.ConfigClusterResolver - [getClusterEndpoints,43] - Resolving eureka endpoints via configuration
19:00:17.820 [AsyncResolver-bootstrap-executor-0] INFO  c.n.d.s.r.a.ConfigClusterResolver - [getClusterEndpoints,43] - Resolving eureka endpoints via configuration
19:05:18.303 [AsyncResolver-bootstrap-executor-0] INFO  c.n.d.s.r.a.ConfigClusterResolver - [getClusterEndpoints,43] - Resolving eureka endpoints via configuration
19:10:16.852 [AsyncResolver-bootstrap-executor-0] INFO  c.n.d.s.r.a.ConfigClusterResolver - [getClusterEndpoints,43] - Resolving eureka endpoints via configuration
19:15:16.508 [AsyncResolver-bootstrap-executor-0] INFO  c.n.d.s.r.a.ConfigClusterResolver - [getClusterEndpoints,43] - Resolving eureka endpoints via configuration
19:20:16.616 [AsyncResolver-bootstrap-executor-0] INFO  c.n.d.s.r.a.ConfigClusterResolver - [getClusterEndpoints,43] - Resolving eureka endpoints via configuration
19:25:16.912 [AsyncResolver-bootstrap-executor-0] INFO  c.n.d.s.r.a.ConfigClusterResolver - [getClusterEndpoints,43] - Resolving eureka endpoints via configuration
19:30:17.273 [AsyncResolver-bootstrap-executor-0] INFO  c.n.d.s.r.a.ConfigClusterResolver - [getClusterEndpoints,43] - Resolving eureka endpoints via configuration
19:35:17.635 [AsyncResolver-bootstrap-executor-0] INFO  c.n.d.s.r.a.ConfigClusterResolver - [getClusterEndpoints,43] - Resolving eureka endpoints via configuration
19:40:17.877 [AsyncResolver-bootstrap-executor-0] INFO  c.n.d.s.r.a.ConfigClusterResolver - [getClusterEndpoints,43] - Resolving eureka endpoints via configuration
19:45:16.816 [AsyncResolver-bootstrap-executor-0] INFO  c.n.d.s.r.a.ConfigClusterResolver - [getClusterEndpoints,43] - Resolving eureka endpoints via configuration
19:50:16.636 [AsyncResolver-bootstrap-executor-0] INFO  c.n.d.s.r.a.ConfigClusterResolver - [getClusterEndpoints,43] - Resolving eureka endpoints via configuration
19:55:16.768 [AsyncResolver-bootstrap-executor-0] INFO  c.n.d.s.r.a.ConfigClusterResolver - [getClusterEndpoints,43] - Resolving eureka endpoints via configuration
20:00:17.014 [AsyncResolver-bootstrap-executor-0] INFO  c.n.d.s.r.a.ConfigClusterResolver - [getClusterEndpoints,43] - Resolving eureka endpoints via configuration
20:05:17.289 [AsyncResolver-bootstrap-executor-0] INFO  c.n.d.s.r.a.ConfigClusterResolver - [getClusterEndpoints,43] - Resolving eureka endpoints via configuration
20:10:17.591 [AsyncResolver-bootstrap-executor-0] INFO  c.n.d.s.r.a.ConfigClusterResolver - [getClusterEndpoints,43] - Resolving eureka endpoints via configuration
20:15:17.516 [AsyncResolver-bootstrap-executor-0] INFO  c.n.d.s.r.a.ConfigClusterResolver - [getClusterEndpoints,43] - Resolving eureka endpoints via configuration
20:20:16.820 [AsyncResolver-bootstrap-executor-0] INFO  c.n.d.s.r.a.ConfigClusterResolver - [getClusterEndpoints,43] - Resolving eureka endpoints via configuration
20:25:16.726 [AsyncResolver-bootstrap-executor-0] INFO  c.n.d.s.r.a.ConfigClusterResolver - [getClusterEndpoints,43] - Resolving eureka endpoints via configuration
20:30:16.845 [AsyncResolver-bootstrap-executor-0] INFO  c.n.d.s.r.a.ConfigClusterResolver - [getClusterEndpoints,43] - Resolving eureka endpoints via configuration
20:35:17.038 [AsyncResolver-bootstrap-executor-0] INFO  c.n.d.s.r.a.ConfigClusterResolver - [getClusterEndpoints,43] - Resolving eureka endpoints via configuration
20:40:17.251 [AsyncResolver-bootstrap-executor-0] INFO  c.n.d.s.r.a.ConfigClusterResolver - [getClusterEndpoints,43] - Resolving eureka endpoints via configuration
20:45:17.473 [AsyncResolver-bootstrap-executor-0] INFO  c.n.d.s.r.a.ConfigClusterResolver - [getClusterEndpoints,43] - Resolving eureka endpoints via configuration
20:50:17.345 [AsyncResolver-bootstrap-executor-0] INFO  c.n.d.s.r.a.ConfigClusterResolver - [getClusterEndpoints,43] - Resolving eureka endpoints via configuration
20:55:16.936 [AsyncResolver-bootstrap-executor-0] INFO  c.n.d.s.r.a.ConfigClusterResolver - [getClusterEndpoints,43] - Resolving eureka endpoints via configuration
21:00:16.896 [AsyncResolver-bootstrap-executor-0] INFO  c.n.d.s.r.a.ConfigClusterResolver - [getClusterEndpoints,43] - Resolving eureka endpoints via configuration
21:05:16.997 [AsyncResolver-bootstrap-executor-0] INFO  c.n.d.s.r.a.ConfigClusterResolver - [getClusterEndpoints,43] - Resolving eureka endpoints via configuration
21:10:17.168 [AsyncResolver-bootstrap-executor-0] INFO  c.n.d.s.r.a.ConfigClusterResolver - [getClusterEndpoints,43] - Resolving eureka endpoints via configuration
21:15:17.353 [AsyncResolver-bootstrap-executor-0] INFO  c.n.d.s.r.a.ConfigClusterResolver - [getClusterEndpoints,43] - Resolving eureka endpoints via configuration
21:20:17.539 [AsyncResolver-bootstrap-executor-0] INFO  c.n.d.s.r.a.ConfigClusterResolver - [getClusterEndpoints,43] - Resolving eureka endpoints via configuration
21:25:17.274 [AsyncResolver-bootstrap-executor-0] INFO  c.n.d.s.r.a.ConfigClusterResolver - [getClusterEndpoints,43] - Resolving eureka endpoints via configuration
21:30:17.044 [AsyncResolver-bootstrap-executor-0] INFO  c.n.d.s.r.a.ConfigClusterResolver - [getClusterEndpoints,43] - Resolving eureka endpoints via configuration
21:35:17.057 [AsyncResolver-bootstrap-executor-0] INFO  c.n.d.s.r.a.ConfigClusterResolver - [getClusterEndpoints,43] - Resolving eureka endpoints via configuration
21:40:17.159 [AsyncResolver-bootstrap-executor-0] INFO  c.n.d.s.r.a.ConfigClusterResolver - [getClusterEndpoints,43] - Resolving eureka endpoints via configuration
21:45:17.302 [AsyncResolver-bootstrap-executor-0] INFO  c.n.d.s.r.a.ConfigClusterResolver - [getClusterEndpoints,43] - Resolving eureka endpoints via configuration
21:50:17.455 [AsyncResolver-bootstrap-executor-0] INFO  c.n.d.s.r.a.ConfigClusterResolver - [getClusterEndpoints,43] - Resolving eureka endpoints via configuration
21:55:17.608 [AsyncResolver-bootstrap-executor-0] INFO  c.n.d.s.r.a.ConfigClusterResolver - [getClusterEndpoints,43] - Resolving eureka endpoints via configuration
22:00:17.762 [AsyncResolver-bootstrap-executor-0] INFO  c.n.d.s.r.a.ConfigClusterResolver - [getClusterEndpoints,43] - Resolving eureka endpoints via configuration
22:05:17.916 [AsyncResolver-bootstrap-executor-0] INFO  c.n.d.s.r.a.ConfigClusterResolver - [getClusterEndpoints,43] - Resolving eureka endpoints via configuration
22:10:18.071 [AsyncResolver-bootstrap-executor-0] INFO  c.n.d.s.r.a.ConfigClusterResolver - [getClusterEndpoints,43] - Resolving eureka endpoints via configuration
22:15:18.225 [AsyncResolver-bootstrap-executor-0] INFO  c.n.d.s.r.a.ConfigClusterResolver - [getClusterEndpoints,43] - Resolving eureka endpoints via configuration
22:20:18.380 [AsyncResolver-bootstrap-executor-0] INFO  c.n.d.s.r.a.ConfigClusterResolver - [getClusterEndpoints,43] - Resolving eureka endpoints via configuration
22:25:18.540 [AsyncResolver-bootstrap-executor-0] INFO  c.n.d.s.r.a.ConfigClusterResolver - [getClusterEndpoints,43] - Resolving eureka endpoints via configuration
22:30:18.694 [AsyncResolver-bootstrap-executor-0] INFO  c.n.d.s.r.a.ConfigClusterResolver - [getClusterEndpoints,43] - Resolving eureka endpoints via configuration
22:35:18.337 [AsyncResolver-bootstrap-executor-0] INFO  c.n.d.s.r.a.ConfigClusterResolver - [getClusterEndpoints,43] - Resolving eureka endpoints via configuration
22:40:18.288 [AsyncResolver-bootstrap-executor-0] INFO  c.n.d.s.r.a.ConfigClusterResolver - [getClusterEndpoints,43] - Resolving eureka endpoints via configuration
22:45:18.351 [AsyncResolver-bootstrap-executor-0] INFO  c.n.d.s.r.a.ConfigClusterResolver - [getClusterEndpoints,43] - Resolving eureka endpoints via configuration
22:50:18.476 [AsyncResolver-bootstrap-executor-0] INFO  c.n.d.s.r.a.ConfigClusterResolver - [getClusterEndpoints,43] - Resolving eureka endpoints via configuration
22:55:18.599 [AsyncResolver-bootstrap-executor-0] INFO  c.n.d.s.r.a.ConfigClusterResolver - [getClusterEndpoints,43] - Resolving eureka endpoints via configuration
23:00:18.728 [AsyncResolver-bootstrap-executor-0] INFO  c.n.d.s.r.a.ConfigClusterResolver - [getClusterEndpoints,43] - Resolving eureka endpoints via configuration
23:05:18.851 [AsyncResolver-bootstrap-executor-0] INFO  c.n.d.s.r.a.ConfigClusterResolver - [getClusterEndpoints,43] - Resolving eureka endpoints via configuration
23:10:18.975 [AsyncResolver-bootstrap-executor-0] INFO  c.n.d.s.r.a.ConfigClusterResolver - [getClusterEndpoints,43] - Resolving eureka endpoints via configuration
23:15:19.100 [AsyncResolver-bootstrap-executor-0] INFO  c.n.d.s.r.a.ConfigClusterResolver - [getClusterEndpoints,43] - Resolving eureka endpoints via configuration
23:20:19.229 [AsyncResolver-bootstrap-executor-0] INFO  c.n.d.s.r.a.ConfigClusterResolver - [getClusterEndpoints,43] - Resolving eureka endpoints via configuration
23:25:19.357 [AsyncResolver-bootstrap-executor-0] INFO  c.n.d.s.r.a.ConfigClusterResolver - [getClusterEndpoints,43] - Resolving eureka endpoints via configuration
23:30:19.480 [AsyncResolver-bootstrap-executor-0] INFO  c.n.d.s.r.a.ConfigClusterResolver - [getClusterEndpoints,43] - Resolving eureka endpoints via configuration
23:35:19.602 [AsyncResolver-bootstrap-executor-0] INFO  c.n.d.s.r.a.ConfigClusterResolver - [getClusterEndpoints,43] - Resolving eureka endpoints via configuration
23:40:19.944 [AsyncResolver-bootstrap-executor-0] INFO  c.n.d.s.r.a.ConfigClusterResolver - [getClusterEndpoints,43] - Resolving eureka endpoints via configuration
23:45:20.564 [AsyncResolver-bootstrap-executor-0] INFO  c.n.d.s.r.a.ConfigClusterResolver - [getClusterEndpoints,43] - Resolving eureka endpoints via configuration
23:50:20.875 [AsyncResolver-bootstrap-executor-0] INFO  c.n.d.s.r.a.ConfigClusterResolver - [getClusterEndpoints,43] - Resolving eureka endpoints via configuration
23:55:21.078 [AsyncResolver-bootstrap-executor-0] INFO  c.n.d.s.r.a.ConfigClusterResolver - [getClusterEndpoints,43] - Resolving eureka endpoints via configuration
